# JRE version: OpenJDK Runtime Environment (8.0_112-b06) (build 1.8.0_112-release-b06)
# Java VM: OpenJDK 64-Bit Server VM (25.112-b06 mixed mode windows-amd64 compressed oops)
Heap:
 PSYoungGen      total 462336K, used 49099K [0x000000076ab00000, 0x0000000792780000, 0x00000007c0000000)
  eden space 444928K, 8% used [0x000000076ab00000,0x000000076d00d338,0x0000000785d80000)
  from space 17408K, 64% used [0x000000078cd00000,0x000000078d7e5958,0x000000078de00000)
  to   space 103424K, 0% used [0x0000000785d80000,0x0000000785d80000,0x000000078c280000)
 ParOldGen       total 379392K, used 214033K [0x00000006c0000000, 0x00000006d7280000, 0x000000076ab00000)
  object space 379392K, 56% used [0x00000006c0000000,0x00000006cd104518,0x00000006d7280000)
 Metaspace       used 6402K, capacity 7280K, committed 7552K, reserved 1056768K
  class space    used 586K, capacity 616K, committed 640K, reserved 1048576K
GC Heap History (10 events):
Event: 4.451 GC heap before
{Heap before GC invocations=8 (full 1):
 PSYoungGen      total 295936K, used 33254K [0x000000076ab00000, 0x0000000790f00000, 0x00000007c0000000)
  eden space 262656K, 0% used [0x000000076ab00000,0x000000076ab00000,0x000000077ab80000)
  from space 33280K, 99% used [0x000000077ab80000,0x000000077cbf9918,0x000000077cc00000)
  to   space 50688K, 0% used [0x000000078dd80000,0x000000078dd80000,0x0000000790f00000)
 ParOldGen       total 87552K, used 61651K [0x00000006c0000000, 0x00000006c5580000, 0x000000076ab00000)
  object space 87552K, 70% used [0x00000006c0000000,0x00000006c3c34f20,0x00000006c5580000)
 Metaspace       used 6364K, capacity 7280K, committed 7552K, reserved 1056768K
  class space    used 586K, capacity 616K, committed 640K, reserved 1048576K
Event: 5.636 GC heap after
Heap after GC invocations=8 (full 1):
 PSYoungGen      total 295936K, used 3037K [0x000000076ab00000, 0x0000000790f00000, 0x00000007c0000000)
  eden space 262656K, 0% used [0x000000076ab00000,0x000000076ab00000,0x000000077ab80000)
  from space 33280K, 9% used [0x000000077ab80000,0x000000077ae77588,0x000000077cc00000)
  to   space 50688K, 0% used [0x000000078dd80000,0x000000078dd80000,0x0000000790f00000)
 ParOldGen       total 173056K, used 87549K [0x00000006c0000000, 0x00000006ca900000, 0x000000076ab00000)
  object space 173056K, 50% used [0x00000006c0000000,0x00000006c557f530,0x00000006ca900000)
 Metaspace       used 6364K, capacity 7280K, committed 7552K, reserved 1056768K
  class space    used 586K, capacity 616K, committed 640K, reserved 1048576K
}
Event: 6.693 GC heap before
{Heap before GC invocations=9 (full 1):
 PSYoungGen      total 295936K, used 265693K [0x000000076ab00000, 0x0000000790f00000, 0x00000007c0000000)
  eden space 262656K, 100% used [0x000000076ab00000,0x000000077ab80000,0x000000077ab80000)
  from space 33280K, 9% used [0x000000077ab80000,0x000000077ae77588,0x000000077cc00000)
  to   space 50688K, 0% used [0x000000078dd80000,0x000000078dd80000,0x0000000790f00000)
 ParOldGen       total 173056K, used 87549K [0x00000006c0000000, 0x00000006ca900000, 0x000000076ab00000)
  object space 173056K, 50% used [0x00000006c0000000,0x00000006c557f530,0x00000006ca900000)
 Metaspace       used 6371K, capacity 7280K, committed 7552K, reserved 1056768K
  class space    used 586K, capacity 616K, committed 640K, reserved 1048576K
Event: 6.816 GC heap after
Heap after GC invocations=9 (full 1):
 PSYoungGen      total 361472K, used 37744K [0x000000076ab00000, 0x0000000790280000, 0x00000007c0000000)
  eden space 323584K, 0% used [0x000000076ab00000,0x000000076ab00000,0x000000077e700000)
  from space 37888K, 99% used [0x000000078dd80000,0x000000079025c1e8,0x0000000790280000)
  to   space 54784K, 0% used [0x0000000789780000,0x0000000789780000,0x000000078cd00000)
 ParOldGen       total 173056K, used 87557K [0x00000006c0000000, 0x00000006ca900000, 0x000000076ab00000)
  object space 173056K, 50% used [0x00000006c0000000,0x00000006c5581530,0x00000006ca900000)
 Metaspace       used 6371K, capacity 7280K, committed 7552K, reserved 1056768K
  class space    used 586K, capacity 616K, committed 640K, reserved 1048576K
}
Event: 8.274 GC heap before
{Heap before GC invocations=10 (full 1):
 PSYoungGen      total 361472K, used 361328K [0x000000076ab00000, 0x0000000790280000, 0x00000007c0000000)
  eden space 323584K, 100% used [0x000000076ab00000,0x000000077e700000,0x000000077e700000)
  from space 37888K, 99% used [0x000000078dd80000,0x000000079025c1e8,0x0000000790280000)
  to   space 54784K, 0% used [0x0000000789780000,0x0000000789780000,0x000000078cd00000)
 ParOldGen       total 173056K, used 87557K [0x00000006c0000000, 0x00000006ca900000, 0x000000076ab00000)
  object space 173056K, 50% used [0x00000006c0000000,0x00000006c5581530,0x00000006ca900000)
 Metaspace       used 6389K, capacity 7280K, committed 7552K, reserved 1056768K
  class space    used 586K, capacity 616K, committed 640K, reserved 1048576K
Event: 8.477 GC heap after
Heap after GC invocations=10 (full 1):
 PSYoungGen      total 431104K, used 54755K [0x000000076ab00000, 0x000000078de00000, 0x00000007c0000000)
  eden space 376320K, 0% used [0x000000076ab00000,0x000000076ab00000,0x0000000781a80000)
  from space 54784K, 99% used [0x0000000789780000,0x000000078ccf8f58,0x000000078cd00000)
  to   space 17408K, 0% used [0x000000078cd00000,0x000000078cd00000,0x000000078de00000)
 ParOldGen       total 173056K, used 119976K [0x00000006c0000000, 0x00000006ca900000, 0x000000076ab00000)
  object space 173056K, 69% used [0x00000006c0000000,0x00000006c752a3a8,0x00000006ca900000)
 Metaspace       used 6389K, capacity 7280K, committed 7552K, reserved 1056768K
  class space    used 586K, capacity 616K, committed 640K, reserved 1048576K
}
Event: 10.282 GC heap before
{Heap before GC invocations=11 (full 1):
 PSYoungGen      total 431104K, used 431075K [0x000000076ab00000, 0x000000078de00000, 0x00000007c0000000)
  eden space 376320K, 100% used [0x000000076ab00000,0x0000000781a80000,0x0000000781a80000)
  from space 54784K, 99% used [0x0000000789780000,0x000000078ccf8f58,0x000000078cd00000)
  to   space 17408K, 0% used [0x000000078cd00000,0x000000078cd00000,0x000000078de00000)
 ParOldGen       total 173056K, used 119976K [0x00000006c0000000, 0x00000006ca900000, 0x000000076ab00000)
  object space 173056K, 69% used [0x00000006c0000000,0x00000006c752a3a8,0x00000006ca900000)
 Metaspace       used 6402K, capacity 7280K, committed 7552K, reserved 1056768K
  class space    used 586K, capacity 616K, committed 640K, reserved 1048576K
Event: 10.558 GC heap after
Heap after GC invocations=11 (full 1):
 PSYoungGen      total 462336K, used 17398K [0x000000076ab00000, 0x0000000792780000, 0x00000007c0000000)
  eden space 444928K, 0% used [0x000000076ab00000,0x000000076ab00000,0x0000000785d80000)
  from space 17408K, 99% used [0x000000078cd00000,0x000000078ddfd928,0x000000078de00000)
  to   space 103424K, 0% used [0x0000000785d80000,0x0000000785d80000,0x000000078c280000)
 ParOldGen       total 214528K, used 214312K [0x00000006c0000000, 0x00000006cd180000, 0x000000076ab00000)
  object space 214528K, 99% used [0x00000006c0000000,0x00000006cd14a2f8,0x00000006cd180000)
 Metaspace       used 6402K, capacity 7280K, committed 7552K, reserved 1056768K
  class space    used 586K, capacity 616K, committed 640K, reserved 1048576K
}
Event: 10.558 GC heap before
{Heap before GC invocations=12 (full 2):
 PSYoungGen      total 462336K, used 17398K [0x000000076ab00000, 0x0000000792780000, 0x00000007c0000000)
  eden space 444928K, 0% used [0x000000076ab00000,0x000000076ab00000,0x0000000785d80000)
  from space 17408K, 99% used [0x000000078cd00000,0x000000078ddfd928,0x000000078de00000)
  to   space 103424K, 0% used [0x0000000785d80000,0x0000000785d80000,0x000000078c280000)
 ParOldGen       total 214528K, used 214312K [0x00000006c0000000, 0x00000006cd180000, 0x000000076ab00000)
  object space 214528K, 99% used [0x00000006c0000000,0x00000006cd14a2f8,0x00000006cd180000)
 Metaspace       used 6402K, capacity 7280K, committed 7552K, reserved 1056768K
  class space    used 586K, capacity 616K, committed 640K, reserved 1048576K
Event: 12.664 GC heap after
Heap after GC invocations=12 (full 2):
 PSYoungGen      total 462336K, used 11158K [0x000000076ab00000, 0x0000000792780000, 0x00000007c0000000)
  eden space 444928K, 0% used [0x000000076ab00000,0x000000076ab00000,0x0000000785d80000)
  from space 17408K, 64% used [0x000000078cd00000,0x000000078d7e5958,0x000000078de00000)
  to   space 103424K, 0% used [0x0000000785d80000,0x0000000785d80000,0x000000078c280000)
 ParOldGen       total 379392K, used 214033K [0x00000006c0000000, 0x00000006d7280000, 0x000000076ab00000)
  object space 379392K, 56% used [0x00000006c0000000,0x00000006cd104518,0x00000006d7280000)
 Metaspace       used 6402K, capacity 7280K, committed 7552K, reserved 1056768K
  class space    used 586K, capacity 616K, committed 640K, reserved 1048576K
}

