# JRE version: OpenJDK Runtime Environment (8.0_112-b06) (build 1.8.0_112-release-b06)
# Java VM: OpenJDK 64-Bit Server VM (25.112-b06 mixed mode windows-amd64 compressed oops)
Heap:
 PSYoungGen      total 282112K, used 131974K [0x000000076ab00000, 0x000000077fb00000, 0x00000007c0000000)
  eden space 250880K, 52% used [0x000000076ab00000,0x0000000772be1b18,0x000000077a000000)
  from space 31232K, 0% used [0x000000077c880000,0x000000077c880000,0x000000077e700000)
  to   space 41472K, 0% used [0x000000077a000000,0x000000077a000000,0x000000077c880000)
 ParOldGen       total 104960K, used 104917K [0x00000006c0000000, 0x00000006c6680000, 0x000000076ab00000)
  object space 104960K, 99% used [0x00000006c0000000,0x00000006c6675408,0x00000006c6680000)
 Metaspace       used 6382K, capacity 7280K, committed 7552K, reserved 1056768K
  class space    used 586K, capacity 616K, committed 640K, reserved 1048576K
GC Heap History (10 events):
Event: 5.806 GC heap before
{Heap before GC invocations=8 (full 0):
 PSYoungGen      total 151552K, used 151530K [0x000000076ab00000, 0x000000077e700000, 0x00000007c0000000)
  eden space 130560K, 100% used [0x000000076ab00000,0x0000000772a80000,0x0000000772a80000)
  from space 20992K, 99% used [0x0000000772a80000,0x0000000773efaa48,0x0000000773f00000)
  to   space 31232K, 0% used [0x000000077c880000,0x000000077c880000,0x000000077e700000)
 ParOldGen       total 87552K, used 32823K [0x00000006c0000000, 0x00000006c5580000, 0x000000076ab00000)
  object space 87552K, 37% used [0x00000006c0000000,0x00000006c200deb0,0x00000006c5580000)
 Metaspace       used 6340K, capacity 7216K, committed 7296K, reserved 1056768K
  class space    used 585K, capacity 616K, committed 640K, reserved 1048576K
Event: 5.908 GC heap after
Heap after GC invocations=8 (full 0):
 PSYoungGen      total 282112K, used 31223K [0x000000076ab00000, 0x000000077fb00000, 0x00000007c0000000)
  eden space 250880K, 0% used [0x000000076ab00000,0x000000076ab00000,0x000000077a000000)
  from space 31232K, 99% used [0x000000077c880000,0x000000077e6fddd8,0x000000077e700000)
  to   space 41472K, 0% used [0x000000077a000000,0x000000077a000000,0x000000077c880000)
 ParOldGen       total 87552K, used 42327K [0x00000006c0000000, 0x00000006c5580000, 0x000000076ab00000)
  object space 87552K, 48% used [0x00000006c0000000,0x00000006c2955ff0,0x00000006c5580000)
 Metaspace       used 6340K, capacity 7216K, committed 7296K, reserved 1056768K
  class space    used 585K, capacity 616K, committed 640K, reserved 1048576K
}
Event: 7.570 GC heap before
{Heap before GC invocations=9 (full 0):
 PSYoungGen      total 282112K, used 282103K [0x000000076ab00000, 0x000000077fb00000, 0x00000007c0000000)
  eden space 250880K, 100% used [0x000000076ab00000,0x000000077a000000,0x000000077a000000)
  from space 31232K, 99% used [0x000000077c880000,0x000000077e6fddd8,0x000000077e700000)
  to   space 41472K, 0% used [0x000000077a000000,0x000000077a000000,0x000000077c880000)
 ParOldGen       total 87552K, used 42327K [0x00000006c0000000, 0x00000006c5580000, 0x000000076ab00000)
  object space 87552K, 48% used [0x00000006c0000000,0x00000006c2955ff0,0x00000006c5580000)
 Metaspace       used 6359K, capacity 7280K, committed 7552K, reserved 1056768K
  class space    used 586K, capacity 616K, committed 640K, reserved 1048576K
Event: 7.742 GC heap after
Heap after GC invocations=9 (full 0):
 PSYoungGen      total 292352K, used 41460K [0x000000076ab00000, 0x000000077fb00000, 0x00000007c0000000)
  eden space 250880K, 0% used [0x000000076ab00000,0x000000076ab00000,0x000000077a000000)
  from space 41472K, 99% used [0x000000077a000000,0x000000077c87d368,0x000000077c880000)
  to   space 31232K, 0% used [0x000000077c880000,0x000000077c880000,0x000000077e700000)
 ParOldGen       total 87552K, used 60048K [0x00000006c0000000, 0x00000006c5580000, 0x000000076ab00000)
  object space 87552K, 68% used [0x00000006c0000000,0x00000006c3aa4318,0x00000006c5580000)
 Metaspace       used 6359K, capacity 7280K, committed 7552K, reserved 1056768K
  class space    used 586K, capacity 616K, committed 640K, reserved 1048576K
}
Event: 9.590 GC heap before
{Heap before GC invocations=10 (full 0):
 PSYoungGen      total 292352K, used 292340K [0x000000076ab00000, 0x000000077fb00000, 0x00000007c0000000)
  eden space 250880K, 100% used [0x000000076ab00000,0x000000077a000000,0x000000077a000000)
  from space 41472K, 99% used [0x000000077a000000,0x000000077c87d368,0x000000077c880000)
  to   space 31232K, 0% used [0x000000077c880000,0x000000077c880000,0x000000077e700000)
 ParOldGen       total 87552K, used 60048K [0x00000006c0000000, 0x00000006c5580000, 0x000000076ab00000)
  object space 87552K, 68% used [0x00000006c0000000,0x00000006c3aa4318,0x00000006c5580000)
 Metaspace       used 6364K, capacity 7280K, committed 7552K, reserved 1056768K
  class space    used 586K, capacity 616K, committed 640K, reserved 1048576K
Event: 9.773 GC heap after
Heap after GC invocations=10 (full 0):
 PSYoungGen      total 282112K, used 31200K [0x000000076ab00000, 0x000000077fb00000, 0x00000007c0000000)
  eden space 250880K, 0% used [0x000000076ab00000,0x000000076ab00000,0x000000077a000000)
  from space 31232K, 99% used [0x000000077c880000,0x000000077e6f80e0,0x000000077e700000)
  to   space 41472K, 0% used [0x000000077a000000,0x000000077a000000,0x000000077c880000)
 ParOldGen       total 104960K, used 104784K [0x00000006c0000000, 0x00000006c6680000, 0x000000076ab00000)
  object space 104960K, 99% used [0x00000006c0000000,0x00000006c6654160,0x00000006c6680000)
 Metaspace       used 6364K, capacity 7280K, committed 7552K, reserved 1056768K
  class space    used 586K, capacity 616K, committed 640K, reserved 1048576K
}
Event: 9.773 GC heap before
{Heap before GC invocations=11 (full 1):
 PSYoungGen      total 282112K, used 31200K [0x000000076ab00000, 0x000000077fb00000, 0x00000007c0000000)
  eden space 250880K, 0% used [0x000000076ab00000,0x000000076ab00000,0x000000077a000000)
  from space 31232K, 99% used [0x000000077c880000,0x000000077e6f80e0,0x000000077e700000)
  to   space 41472K, 0% used [0x000000077a000000,0x000000077a000000,0x000000077c880000)
 ParOldGen       total 104960K, used 104784K [0x00000006c0000000, 0x00000006c6680000, 0x000000076ab00000)
  object space 104960K, 99% used [0x00000006c0000000,0x00000006c6654160,0x00000006c6680000)
 Metaspace       used 6364K, capacity 7280K, committed 7552K, reserved 1056768K
  class space    used 586K, capacity 616K, committed 640K, reserved 1048576K
Event: 11.079 GC heap after
Heap after GC invocations=11 (full 1):
 PSYoungGen      total 282112K, used 24934K [0x000000076ab00000, 0x000000077fb00000, 0x00000007c0000000)
  eden space 250880K, 0% used [0x000000076ab00000,0x000000076ab00000,0x000000077a000000)
  from space 31232K, 79% used [0x000000077c880000,0x000000077e0d9800,0x000000077e700000)
  to   space 41472K, 0% used [0x000000077a000000,0x000000077a000000,0x000000077c880000)
 ParOldGen       total 104960K, used 104519K [0x00000006c0000000, 0x00000006c6680000, 0x000000076ab00000)
  object space 104960K, 99% used [0x00000006c0000000,0x00000006c6611e78,0x00000006c6680000)
 Metaspace       used 6364K, capacity 7280K, committed 7552K, reserved 1056768K
  class space    used 586K, capacity 616K, committed 640K, reserved 1048576K
}
Event: 12.544 GC heap before
{Heap before GC invocations=12 (full 2):
 PSYoungGen      total 282112K, used 275814K [0x000000076ab00000, 0x000000077fb00000, 0x00000007c0000000)
  eden space 250880K, 100% used [0x000000076ab00000,0x000000077a000000,0x000000077a000000)
  from space 31232K, 79% used [0x000000077c880000,0x000000077e0d9800,0x000000077e700000)
  to   space 41472K, 0% used [0x000000077a000000,0x000000077a000000,0x000000077c880000)
 ParOldGen       total 104960K, used 104519K [0x00000006c0000000, 0x00000006c6680000, 0x000000076ab00000)
  object space 104960K, 99% used [0x00000006c0000000,0x00000006c6611e78,0x00000006c6680000)
 Metaspace       used 6381K, capacity 7280K, committed 7552K, reserved 1056768K
  class space    used 586K, capacity 616K, committed 640K, reserved 1048576K
Event: 14.034 GC heap after
Heap after GC invocations=12 (full 2):
 PSYoungGen      total 282112K, used 62098K [0x000000076ab00000, 0x000000077fb00000, 0x00000007c0000000)
  eden space 250880K, 24% used [0x000000076ab00000,0x000000076e7a4af0,0x000000077a000000)
  from space 31232K, 0% used [0x000000077c880000,0x000000077c880000,0x000000077e700000)
  to   space 41472K, 0% used [0x000000077a000000,0x000000077a000000,0x000000077c880000)
 ParOldGen       total 104960K, used 104917K [0x00000006c0000000, 0x00000006c6680000, 0x000000076ab00000)
  object space 104960K, 99% used [0x00000006c0000000,0x00000006c6675408,0x00000006c6680000)
 Metaspace       used 6381K, capacity 7280K, committed 7552K, reserved 1056768K
  class space    used 586K, capacity 616K, committed 640K, reserved 1048576K
}

