# JRE version: OpenJDK Runtime Environment (8.0_112-b06) (build 1.8.0_112-release-b06)
# Java VM: OpenJDK 64-Bit Server VM (25.112-b06 mixed mode windows-amd64 compressed oops)
Heap:
 PSYoungGen      total 446976K, used 227956K [0x000000076ab00000, 0x000000078af80000, 0x00000007c0000000)
  eden space 391168K, 58% used [0x000000076ab00000,0x000000077899d2f8,0x0000000782900000)
  from space 55808K, 0% used [0x0000000786800000,0x0000000786800000,0x0000000789e80000)
  to   space 64512K, 0% used [0x0000000782900000,0x0000000782900000,0x0000000786800000)
 ParOldGen       total 87552K, used 87379K [0x00000006c0000000, 0x00000006c5580000, 0x000000076ab00000)
  object space 87552K, 99% used [0x00000006c0000000,0x00000006c5554d88,0x00000006c5580000)
 Metaspace       used 6421K, capacity 7280K, committed 7552K, reserved 1056768K
  class space    used 586K, capacity 616K, committed 640K, reserved 1048576K
GC Heap History (10 events):
Event: 6.564 GC heap before
{Heap before GC invocations=11 (full 1):
 PSYoungGen      total 446976K, used 54043K [0x000000076ab00000, 0x000000078af80000, 0x00000007c0000000)
  eden space 391168K, 0% used [0x000000076ab00000,0x000000076ab00000,0x0000000782900000)
  from space 55808K, 96% used [0x0000000786800000,0x0000000789cc6e78,0x0000000789e80000)
  to   space 64512K, 0% used [0x0000000782900000,0x0000000782900000,0x0000000786800000)
 ParOldGen       total 87552K, used 79451K [0x00000006c0000000, 0x00000006c5580000, 0x000000076ab00000)
  object space 87552K, 90% used [0x00000006c0000000,0x00000006c4d96e38,0x00000006c5580000)
 Metaspace       used 6385K, capacity 7280K, committed 7552K, reserved 1056768K
  class space    used 585K, capacity 616K, committed 640K, reserved 1048576K
Event: 7.983 GC heap after
Heap after GC invocations=11 (full 1):
 PSYoungGen      total 446976K, used 39916K [0x000000076ab00000, 0x000000078af80000, 0x00000007c0000000)
  eden space 391168K, 0% used [0x000000076ab00000,0x000000076ab00000,0x0000000782900000)
  from space 55808K, 71% used [0x0000000786800000,0x0000000788efb188,0x0000000789e80000)
  to   space 64512K, 0% used [0x0000000782900000,0x0000000782900000,0x0000000786800000)
 ParOldGen       total 87552K, used 87381K [0x00000006c0000000, 0x00000006c5580000, 0x000000076ab00000)
  object space 87552K, 99% used [0x00000006c0000000,0x00000006c5555678,0x00000006c5580000)
 Metaspace       used 6385K, capacity 7280K, committed 7552K, reserved 1056768K
  class space    used 585K, capacity 616K, committed 640K, reserved 1048576K
}
Event: 11.570 GC heap before
{Heap before GC invocations=12 (full 2):
 PSYoungGen      total 446976K, used 431084K [0x000000076ab00000, 0x000000078af80000, 0x00000007c0000000)
  eden space 391168K, 100% used [0x000000076ab00000,0x0000000782900000,0x0000000782900000)
  from space 55808K, 71% used [0x0000000786800000,0x0000000788efb188,0x0000000789e80000)
  to   space 64512K, 0% used [0x0000000782900000,0x0000000782900000,0x0000000786800000)
 ParOldGen       total 87552K, used 87381K [0x00000006c0000000, 0x00000006c5580000, 0x000000076ab00000)
  object space 87552K, 99% used [0x00000006c0000000,0x00000006c5555678,0x00000006c5580000)
 Metaspace       used 6405K, capacity 7280K, committed 7552K, reserved 1056768K
  class space    used 585K, capacity 616K, committed 640K, reserved 1048576K
Event: 12.853 GC heap after
Heap after GC invocations=12 (full 2):
 PSYoungGen      total 446976K, used 96953K [0x000000076ab00000, 0x000000078af80000, 0x00000007c0000000)
  eden space 391168K, 24% used [0x000000076ab00000,0x00000007709ae700,0x0000000782900000)
  from space 55808K, 0% used [0x0000000786800000,0x0000000786800000,0x0000000789e80000)
  to   space 64512K, 0% used [0x0000000782900000,0x0000000782900000,0x0000000786800000)
 ParOldGen       total 87552K, used 87388K [0x00000006c0000000, 0x00000006c5580000, 0x000000076ab00000)
  object space 87552K, 99% used [0x00000006c0000000,0x00000006c55573d8,0x00000006c5580000)
 Metaspace       used 6405K, capacity 7280K, committed 7552K, reserved 1056768K
  class space    used 585K, capacity 616K, committed 640K, reserved 1048576K
}
Event: 15.957 GC heap before
{Heap before GC invocations=13 (full 3):
 PSYoungGen      total 446976K, used 391168K [0x000000076ab00000, 0x000000078af80000, 0x00000007c0000000)
  eden space 391168K, 100% used [0x000000076ab00000,0x0000000782900000,0x0000000782900000)
  from space 55808K, 0% used [0x0000000786800000,0x0000000786800000,0x0000000789e80000)
  to   space 64512K, 0% used [0x0000000782900000,0x0000000782900000,0x0000000786800000)
 ParOldGen       total 87552K, used 87388K [0x00000006c0000000, 0x00000006c5580000, 0x000000076ab00000)
  object space 87552K, 99% used [0x00000006c0000000,0x00000006c55573d8,0x00000006c5580000)
 Metaspace       used 6413K, capacity 7280K, committed 7552K, reserved 1056768K
  class space    used 585K, capacity 616K, committed 640K, reserved 1048576K
Event: 17.169 GC heap after
Heap after GC invocations=13 (full 3):
 PSYoungGen      total 446976K, used 137487K [0x000000076ab00000, 0x000000078af80000, 0x00000007c0000000)
  eden space 391168K, 35% used [0x000000076ab00000,0x0000000773143eb8,0x0000000782900000)
  from space 55808K, 0% used [0x0000000786800000,0x0000000786800000,0x0000000789e80000)
  to   space 64512K, 0% used [0x0000000782900000,0x0000000782900000,0x0000000786800000)
 ParOldGen       total 87552K, used 87386K [0x00000006c0000000, 0x00000006c5580000, 0x000000076ab00000)
  object space 87552K, 99% used [0x00000006c0000000,0x00000006c5556ba8,0x00000006c5580000)
 Metaspace       used 6413K, capacity 7280K, committed 7552K, reserved 1056768K
  class space    used 585K, capacity 616K, committed 640K, reserved 1048576K
}
Event: 18.400 GC heap before
{Heap before GC invocations=14 (full 4):
 PSYoungGen      total 446976K, used 391168K [0x000000076ab00000, 0x000000078af80000, 0x00000007c0000000)
  eden space 391168K, 100% used [0x000000076ab00000,0x0000000782900000,0x0000000782900000)
  from space 55808K, 0% used [0x0000000786800000,0x0000000786800000,0x0000000789e80000)
  to   space 64512K, 0% used [0x0000000782900000,0x0000000782900000,0x0000000786800000)
 ParOldGen       total 87552K, used 87386K [0x00000006c0000000, 0x00000006c5580000, 0x000000076ab00000)
  object space 87552K, 99% used [0x00000006c0000000,0x00000006c5556ba8,0x00000006c5580000)
 Metaspace       used 6414K, capacity 7280K, committed 7552K, reserved 1056768K
  class space    used 585K, capacity 616K, committed 640K, reserved 1048576K
Event: 19.668 GC heap after
Heap after GC invocations=14 (full 4):
 PSYoungGen      total 446976K, used 175274K [0x000000076ab00000, 0x000000078af80000, 0x00000007c0000000)
  eden space 391168K, 44% used [0x000000076ab00000,0x000000077562ab38,0x0000000782900000)
  from space 55808K, 0% used [0x0000000786800000,0x0000000786800000,0x0000000789e80000)
  to   space 64512K, 0% used [0x0000000782900000,0x0000000782900000,0x0000000786800000)
 ParOldGen       total 87552K, used 87384K [0x00000006c0000000, 0x00000006c5580000, 0x000000076ab00000)
  object space 87552K, 99% used [0x00000006c0000000,0x00000006c55560a8,0x00000006c5580000)
 Metaspace       used 6414K, capacity 7280K, committed 7552K, reserved 1056768K
  class space    used 585K, capacity 616K, committed 640K, reserved 1048576K
}
Event: 22.171 GC heap before
{Heap before GC invocations=15 (full 5):
 PSYoungGen      total 446976K, used 391168K [0x000000076ab00000, 0x000000078af80000, 0x00000007c0000000)
  eden space 391168K, 100% used [0x000000076ab00000,0x0000000782900000,0x0000000782900000)
  from space 55808K, 0% used [0x0000000786800000,0x0000000786800000,0x0000000789e80000)
  to   space 64512K, 0% used [0x0000000782900000,0x0000000782900000,0x0000000786800000)
 ParOldGen       total 87552K, used 87384K [0x00000006c0000000, 0x00000006c5580000, 0x000000076ab00000)
  object space 87552K, 99% used [0x00000006c0000000,0x00000006c55560a8,0x00000006c5580000)
 Metaspace       used 6421K, capacity 7280K, committed 7552K, reserved 1056768K
  class space    used 586K, capacity 616K, committed 640K, reserved 1048576K
Event: 23.840 GC heap after
Heap after GC invocations=15 (full 5):
 PSYoungGen      total 446976K, used 207110K [0x000000076ab00000, 0x000000078af80000, 0x00000007c0000000)
  eden space 391168K, 52% used [0x000000076ab00000,0x0000000777541848,0x0000000782900000)
  from space 55808K, 0% used [0x0000000786800000,0x0000000786800000,0x0000000789e80000)
  to   space 64512K, 0% used [0x0000000782900000,0x0000000782900000,0x0000000786800000)
 ParOldGen       total 87552K, used 87379K [0x00000006c0000000, 0x00000006c5580000, 0x000000076ab00000)
  object space 87552K, 99% used [0x00000006c0000000,0x00000006c5554d88,0x00000006c5580000)
 Metaspace       used 6421K, capacity 7280K, committed 7552K, reserved 1056768K
  class space    used 586K, capacity 616K, committed 640K, reserved 1048576K
}

