# JRE version: OpenJDK Runtime Environment (8.0_112-b06) (build 1.8.0_112-release-b06)
# Java VM: OpenJDK 64-Bit Server VM (25.112-b06 mixed mode windows-amd64 compressed oops)
Heap:
 PSYoungGen      total 537600K, used 269328K [0x000000076ab00000, 0x0000000796a00000, 0x00000007c0000000)
  eden space 432128K, 46% used [0x000000076ab00000,0x0000000776e5db88,0x0000000785100000)
  from space 105472K, 65% used [0x0000000785100000,0x00000007894a66a0,0x000000078b800000)
  to   space 110592K, 0% used [0x000000078fe00000,0x000000078fe00000,0x0000000796a00000)
 ParOldGen       total 302080K, used 237403K [0x00000006c0000000, 0x00000006d2700000, 0x000000076ab00000)
  object space 302080K, 78% used [0x00000006c0000000,0x00000006ce7d6e38,0x00000006d2700000)
 Metaspace       used 6748K, capacity 7536K, committed 7808K, reserved 1056768K
  class space    used 603K, capacity 616K, committed 640K, reserved 1048576K
GC Heap History (10 events):
Event: 7.464 GC heap before
{Heap before GC invocations=11 (full 1):
 PSYoungGen      total 440320K, used 55799K [0x000000076ab00000, 0x000000078bf80000, 0x00000007c0000000)
  eden space 384512K, 0% used [0x000000076ab00000,0x000000076ab00000,0x0000000782280000)
  from space 55808K, 99% used [0x0000000786900000,0x0000000789f7dfe0,0x0000000789f80000)
  to   space 72192K, 0% used [0x0000000782280000,0x0000000782280000,0x0000000786900000)
 ParOldGen       total 87552K, used 78356K [0x00000006c0000000, 0x00000006c5580000, 0x000000076ab00000)
  object space 87552K, 89% used [0x00000006c0000000,0x00000006c4c853f0,0x00000006c5580000)
 Metaspace       used 6372K, capacity 7280K, committed 7552K, reserved 1056768K
  class space    used 585K, capacity 616K, committed 640K, reserved 1048576K
Event: 9.169 GC heap after
Heap after GC invocations=11 (full 1):
 PSYoungGen      total 440320K, used 41282K [0x000000076ab00000, 0x000000078bf80000, 0x00000007c0000000)
  eden space 384512K, 0% used [0x000000076ab00000,0x000000076ab00000,0x0000000782280000)
  from space 55808K, 73% used [0x0000000786900000,0x0000000789150a80,0x0000000789f80000)
  to   space 72192K, 0% used [0x0000000782280000,0x0000000782280000,0x0000000786900000)
 ParOldGen       total 165888K, used 87334K [0x00000006c0000000, 0x00000006ca200000, 0x000000076ab00000)
  object space 165888K, 52% used [0x00000006c0000000,0x00000006c5549940,0x00000006ca200000)
 Metaspace       used 6372K, capacity 7280K, committed 7552K, reserved 1056768K
  class space    used 585K, capacity 616K, committed 640K, reserved 1048576K
}
Event: 11.201 GC heap before
{Heap before GC invocations=12 (full 1):
 PSYoungGen      total 440320K, used 425794K [0x000000076ab00000, 0x000000078bf80000, 0x00000007c0000000)
  eden space 384512K, 100% used [0x000000076ab00000,0x0000000782280000,0x0000000782280000)
  from space 55808K, 73% used [0x0000000786900000,0x0000000789150a80,0x0000000789f80000)
  to   space 72192K, 0% used [0x0000000782280000,0x0000000782280000,0x0000000786900000)
 ParOldGen       total 165888K, used 87334K [0x00000006c0000000, 0x00000006ca200000, 0x000000076ab00000)
  object space 165888K, 52% used [0x00000006c0000000,0x00000006c5549940,0x00000006ca200000)
 Metaspace       used 6385K, capacity 7280K, committed 7552K, reserved 1056768K
  class space    used 585K, capacity 616K, committed 640K, reserved 1048576K
Event: 11.497 GC heap after
Heap after GC invocations=12 (full 1):
 PSYoungGen      total 456704K, used 59076K [0x000000076ab00000, 0x0000000790600000, 0x00000007c0000000)
  eden space 384512K, 0% used [0x000000076ab00000,0x000000076ab00000,0x0000000782280000)
  from space 72192K, 81% used [0x0000000782280000,0x0000000785c311a8,0x0000000786900000)
  to   space 79872K, 0% used [0x000000078b800000,0x000000078b800000,0x0000000790600000)
 ParOldGen       total 165888K, used 127895K [0x00000006c0000000, 0x00000006ca200000, 0x000000076ab00000)
  object space 165888K, 77% used [0x00000006c0000000,0x00000006c7ce5de8,0x00000006ca200000)
 Metaspace       used 6385K, capacity 7280K, committed 7552K, reserved 1056768K
  class space    used 585K, capacity 616K, committed 640K, reserved 1048576K
}
Event: 13.499 GC heap before
{Heap before GC invocations=13 (full 1):
 PSYoungGen      total 456704K, used 443588K [0x000000076ab00000, 0x0000000790600000, 0x00000007c0000000)
  eden space 384512K, 100% used [0x000000076ab00000,0x0000000782280000,0x0000000782280000)
  from space 72192K, 81% used [0x0000000782280000,0x0000000785c311a8,0x0000000786900000)
  to   space 79872K, 0% used [0x000000078b800000,0x000000078b800000,0x0000000790600000)
 ParOldGen       total 165888K, used 127895K [0x00000006c0000000, 0x00000006ca200000, 0x000000076ab00000)
  object space 165888K, 77% used [0x00000006c0000000,0x00000006c7ce5de8,0x00000006ca200000)
 Metaspace       used 6394K, capacity 7280K, committed 7552K, reserved 1056768K
  class space    used 585K, capacity 616K, committed 640K, reserved 1048576K
Event: 13.736 GC heap after
Heap after GC invocations=13 (full 1):
 PSYoungGen      total 512000K, used 79843K [0x000000076ab00000, 0x0000000793a80000, 0x00000007c0000000)
  eden space 432128K, 0% used [0x000000076ab00000,0x000000076ab00000,0x0000000785100000)
  from space 79872K, 99% used [0x000000078b800000,0x00000007905f8d48,0x0000000790600000)
  to   space 105472K, 0% used [0x0000000785100000,0x0000000785100000,0x000000078b800000)
 ParOldGen       total 165888K, used 160811K [0x00000006c0000000, 0x00000006ca200000, 0x000000076ab00000)
  object space 165888K, 96% used [0x00000006c0000000,0x00000006c9d0afc0,0x00000006ca200000)
 Metaspace       used 6394K, capacity 7280K, committed 7552K, reserved 1056768K
  class space    used 585K, capacity 616K, committed 640K, reserved 1048576K
}
Event: 13.736 GC heap before
{Heap before GC invocations=14 (full 2):
 PSYoungGen      total 512000K, used 79843K [0x000000076ab00000, 0x0000000793a80000, 0x00000007c0000000)
  eden space 432128K, 0% used [0x000000076ab00000,0x000000076ab00000,0x0000000785100000)
  from space 79872K, 99% used [0x000000078b800000,0x00000007905f8d48,0x0000000790600000)
  to   space 105472K, 0% used [0x0000000785100000,0x0000000785100000,0x000000078b800000)
 ParOldGen       total 165888K, used 160811K [0x00000006c0000000, 0x00000006ca200000, 0x000000076ab00000)
  object space 165888K, 96% used [0x00000006c0000000,0x00000006c9d0afc0,0x00000006ca200000)
 Metaspace       used 6394K, capacity 7280K, committed 7552K, reserved 1056768K
  class space    used 585K, capacity 616K, committed 640K, reserved 1048576K
Event: 15.797 GC heap after
Heap after GC invocations=14 (full 2):
 PSYoungGen      total 512000K, used 71865K [0x000000076ab00000, 0x0000000793a80000, 0x00000007c0000000)
  eden space 432128K, 0% used [0x000000076ab00000,0x000000076ab00000,0x0000000785100000)
  from space 79872K, 89% used [0x000000078b800000,0x000000078fe2e530,0x0000000790600000)
  to   space 105472K, 0% used [0x0000000785100000,0x0000000785100000,0x000000078b800000)
 ParOldGen       total 302080K, used 165881K [0x00000006c0000000, 0x00000006d2700000, 0x000000076ab00000)
  object space 302080K, 54% used [0x00000006c0000000,0x00000006ca1fe710,0x00000006d2700000)
 Metaspace       used 6394K, capacity 7280K, committed 7552K, reserved 1056768K
  class space    used 585K, capacity 616K, committed 640K, reserved 1048576K
}
Event: 18.251 GC heap before
{Heap before GC invocations=15 (full 2):
 PSYoungGen      total 512000K, used 503993K [0x000000076ab00000, 0x0000000793a80000, 0x00000007c0000000)
  eden space 432128K, 100% used [0x000000076ab00000,0x0000000785100000,0x0000000785100000)
  from space 79872K, 89% used [0x000000078b800000,0x000000078fe2e530,0x0000000790600000)
  to   space 105472K, 0% used [0x0000000785100000,0x0000000785100000,0x000000078b800000)
 ParOldGen       total 302080K, used 165881K [0x00000006c0000000, 0x00000006d2700000, 0x000000076ab00000)
  object space 302080K, 54% used [0x00000006c0000000,0x00000006ca1fe710,0x00000006d2700000)
 Metaspace       used 6401K, capacity 7280K, committed 7552K, reserved 1056768K
  class space    used 585K, capacity 616K, committed 640K, reserved 1048576K
Event: 18.577 GC heap after
Heap after GC invocations=15 (full 2):
 PSYoungGen      total 537600K, used 69273K [0x000000076ab00000, 0x0000000796a00000, 0x00000007c0000000)
  eden space 432128K, 0% used [0x000000076ab00000,0x000000076ab00000,0x0000000785100000)
  from space 105472K, 65% used [0x0000000785100000,0x00000007894a66a0,0x000000078b800000)
  to   space 110592K, 0% used [0x000000078fe00000,0x000000078fe00000,0x0000000796a00000)
 ParOldGen       total 302080K, used 237403K [0x00000006c0000000, 0x00000006d2700000, 0x000000076ab00000)
  object space 302080K, 78% used [0x00000006c0000000,0x00000006ce7d6e38,0x00000006d2700000)
 Metaspace       used 6401K, capacity 7280K, committed 7552K, reserved 1056768K
  class space    used 585K, capacity 616K, committed 640K, reserved 1048576K
}

