# JRE version: OpenJDK Runtime Environment (8.0_112-b06) (build 1.8.0_112-release-b06)
# Java VM: OpenJDK 64-Bit Server VM (25.112-b06 mixed mode windows-amd64 compressed oops)
Heap:
 PSYoungGen      total 470016K, used 102771K [0x000000076ab00000, 0x0000000795a00000, 0x00000007c0000000)
  eden space 452608K, 19% used [0x000000076ab00000,0x00000007702f1c68,0x0000000786500000)
  from space 17408K, 73% used [0x000000078cd80000,0x000000078d9eb380,0x000000078de80000)
  to   space 107008K, 0% used [0x0000000786500000,0x0000000786500000,0x000000078cd80000)
 ParOldGen       total 386048K, used 221736K [0x00000006c0000000, 0x00000006d7900000, 0x000000076ab00000)
  object space 386048K, 57% used [0x00000006c0000000,0x00000006cd88a398,0x00000006d7900000)
 Metaspace       used 6393K, capacity 7280K, committed 7552K, reserved 1056768K
  class space    used 586K, capacity 616K, committed 640K, reserved 1048576K
GC Heap History (10 events):
Event: 5.170 GC heap before
{Heap before GC invocations=8 (full 1):
 PSYoungGen      total 295936K, used 33248K [0x000000076ab00000, 0x0000000791000000, 0x00000007c0000000)
  eden space 262656K, 0% used [0x000000076ab00000,0x000000076ab00000,0x000000077ab80000)
  from space 33280K, 99% used [0x000000077ab80000,0x000000077cbf8340,0x000000077cc00000)
  to   space 51200K, 0% used [0x000000078de00000,0x000000078de00000,0x0000000791000000)
 ParOldGen       total 87552K, used 61480K [0x00000006c0000000, 0x00000006c5580000, 0x000000076ab00000)
  object space 87552K, 70% used [0x00000006c0000000,0x00000006c3c0a290,0x00000006c5580000)
 Metaspace       used 6343K, capacity 7280K, committed 7552K, reserved 1056768K
  class space    used 585K, capacity 616K, committed 640K, reserved 1048576K
Event: 6.025 GC heap after
Heap after GC invocations=8 (full 1):
 PSYoungGen      total 295936K, used 3541K [0x000000076ab00000, 0x0000000791000000, 0x00000007c0000000)
  eden space 262656K, 0% used [0x000000076ab00000,0x000000076ab00000,0x000000077ab80000)
  from space 33280K, 10% used [0x000000077ab80000,0x000000077aef5778,0x000000077cc00000)
  to   space 51200K, 0% used [0x000000078de00000,0x000000078de00000,0x0000000791000000)
 ParOldGen       total 171008K, used 87151K [0x00000006c0000000, 0x00000006ca700000, 0x000000076ab00000)
  object space 171008K, 50% used [0x00000006c0000000,0x00000006c551bea0,0x00000006ca700000)
 Metaspace       used 6343K, capacity 7280K, committed 7552K, reserved 1056768K
  class space    used 585K, capacity 616K, committed 640K, reserved 1048576K
}
Event: 7.162 GC heap before
{Heap before GC invocations=9 (full 1):
 PSYoungGen      total 295936K, used 266197K [0x000000076ab00000, 0x0000000791000000, 0x00000007c0000000)
  eden space 262656K, 100% used [0x000000076ab00000,0x000000077ab80000,0x000000077ab80000)
  from space 33280K, 10% used [0x000000077ab80000,0x000000077aef5778,0x000000077cc00000)
  to   space 51200K, 0% used [0x000000078de00000,0x000000078de00000,0x0000000791000000)
 ParOldGen       total 171008K, used 87151K [0x00000006c0000000, 0x00000006ca700000, 0x000000076ab00000)
  object space 171008K, 50% used [0x00000006c0000000,0x00000006c551bea0,0x00000006ca700000)
 Metaspace       used 6359K, capacity 7280K, committed 7552K, reserved 1056768K
  class space    used 585K, capacity 616K, committed 640K, reserved 1048576K
Event: 7.256 GC heap after
Heap after GC invocations=9 (full 1):
 PSYoungGen      total 374272K, used 37926K [0x000000076ab00000, 0x0000000790380000, 0x00000007c0000000)
  eden space 335872K, 0% used [0x000000076ab00000,0x000000076ab00000,0x000000077f300000)
  from space 38400K, 98% used [0x000000078de00000,0x0000000790309b98,0x0000000790380000)
  to   space 55296K, 0% used [0x0000000789780000,0x0000000789780000,0x000000078cd80000)
 ParOldGen       total 171008K, used 87159K [0x00000006c0000000, 0x00000006ca700000, 0x000000076ab00000)
  object space 171008K, 50% used [0x00000006c0000000,0x00000006c551dea0,0x00000006ca700000)
 Metaspace       used 6359K, capacity 7280K, committed 7552K, reserved 1056768K
  class space    used 585K, capacity 616K, committed 640K, reserved 1048576K
}
Event: 8.523 GC heap before
{Heap before GC invocations=10 (full 1):
 PSYoungGen      total 374272K, used 373798K [0x000000076ab00000, 0x0000000790380000, 0x00000007c0000000)
  eden space 335872K, 100% used [0x000000076ab00000,0x000000077f300000,0x000000077f300000)
  from space 38400K, 98% used [0x000000078de00000,0x0000000790309b98,0x0000000790380000)
  to   space 55296K, 0% used [0x0000000789780000,0x0000000789780000,0x000000078cd80000)
 ParOldGen       total 171008K, used 87159K [0x00000006c0000000, 0x00000006ca700000, 0x000000076ab00000)
  object space 171008K, 50% used [0x00000006c0000000,0x00000006c551dea0,0x00000006ca700000)
 Metaspace       used 6383K, capacity 7280K, committed 7552K, reserved 1056768K
  class space    used 586K, capacity 616K, committed 640K, reserved 1048576K
Event: 8.679 GC heap after
Heap after GC invocations=10 (full 1):
 PSYoungGen      total 456704K, used 55269K [0x000000076ab00000, 0x000000078de80000, 0x00000007c0000000)
  eden space 401408K, 0% used [0x000000076ab00000,0x000000076ab00000,0x0000000783300000)
  from space 55296K, 99% used [0x0000000789780000,0x000000078cd79738,0x000000078cd80000)
  to   space 17408K, 0% used [0x000000078cd80000,0x000000078cd80000,0x000000078de80000)
 ParOldGen       total 171008K, used 121219K [0x00000006c0000000, 0x00000006ca700000, 0x000000076ab00000)
  object space 171008K, 70% used [0x00000006c0000000,0x00000006c7660f20,0x00000006ca700000)
 Metaspace       used 6383K, capacity 7280K, committed 7552K, reserved 1056768K
  class space    used 586K, capacity 616K, committed 640K, reserved 1048576K
}
Event: 10.344 GC heap before
{Heap before GC invocations=11 (full 1):
 PSYoungGen      total 456704K, used 456677K [0x000000076ab00000, 0x000000078de80000, 0x00000007c0000000)
  eden space 401408K, 100% used [0x000000076ab00000,0x0000000783300000,0x0000000783300000)
  from space 55296K, 99% used [0x0000000789780000,0x000000078cd79738,0x000000078cd80000)
  to   space 17408K, 0% used [0x000000078cd80000,0x000000078cd80000,0x000000078de80000)
 ParOldGen       total 171008K, used 121219K [0x00000006c0000000, 0x00000006ca700000, 0x000000076ab00000)
  object space 171008K, 70% used [0x00000006c0000000,0x00000006c7660f20,0x00000006ca700000)
 Metaspace       used 6393K, capacity 7280K, committed 7552K, reserved 1056768K
  class space    used 586K, capacity 616K, committed 640K, reserved 1048576K
Event: 10.574 GC heap after
Heap after GC invocations=11 (full 1):
 PSYoungGen      total 470016K, used 17380K [0x000000076ab00000, 0x0000000795a00000, 0x00000007c0000000)
  eden space 452608K, 0% used [0x000000076ab00000,0x000000076ab00000,0x0000000786500000)
  from space 17408K, 99% used [0x000000078cd80000,0x000000078de79230,0x000000078de80000)
  to   space 107008K, 0% used [0x0000000786500000,0x0000000786500000,0x000000078cd80000)
 ParOldGen       total 222208K, used 222091K [0x00000006c0000000, 0x00000006cd900000, 0x000000076ab00000)
  object space 222208K, 99% used [0x00000006c0000000,0x00000006cd8e2f80,0x00000006cd900000)
 Metaspace       used 6393K, capacity 7280K, committed 7552K, reserved 1056768K
  class space    used 586K, capacity 616K, committed 640K, reserved 1048576K
}
Event: 10.574 GC heap before
{Heap before GC invocations=12 (full 2):
 PSYoungGen      total 470016K, used 17380K [0x000000076ab00000, 0x0000000795a00000, 0x00000007c0000000)
  eden space 452608K, 0% used [0x000000076ab00000,0x000000076ab00000,0x0000000786500000)
  from space 17408K, 99% used [0x000000078cd80000,0x000000078de79230,0x000000078de80000)
  to   space 107008K, 0% used [0x0000000786500000,0x0000000786500000,0x000000078cd80000)
 ParOldGen       total 222208K, used 222091K [0x00000006c0000000, 0x00000006cd900000, 0x000000076ab00000)
  object space 222208K, 99% used [0x00000006c0000000,0x00000006cd8e2f80,0x00000006cd900000)
 Metaspace       used 6393K, capacity 7280K, committed 7552K, reserved 1056768K
  class space    used 586K, capacity 616K, committed 640K, reserved 1048576K
Event: 12.116 GC heap after
Heap after GC invocations=12 (full 2):
 PSYoungGen      total 470016K, used 12716K [0x000000076ab00000, 0x0000000795a00000, 0x00000007c0000000)
  eden space 452608K, 0% used [0x000000076ab00000,0x000000076ab00000,0x0000000786500000)
  from space 17408K, 73% used [0x000000078cd80000,0x000000078d9eb380,0x000000078de80000)
  to   space 107008K, 0% used [0x0000000786500000,0x0000000786500000,0x000000078cd80000)
 ParOldGen       total 386048K, used 221736K [0x00000006c0000000, 0x00000006d7900000, 0x000000076ab00000)
  object space 386048K, 57% used [0x00000006c0000000,0x00000006cd88a398,0x00000006d7900000)
 Metaspace       used 6393K, capacity 7280K, committed 7552K, reserved 1056768K
  class space    used 586K, capacity 616K, committed 640K, reserved 1048576K
}

