# JRE version: OpenJDK Runtime Environment (8.0_112-b06) (build 1.8.0_112-release-b06)
# Java VM: OpenJDK 64-Bit Server VM (25.112-b06 mixed mode windows-amd64 compressed oops)
Heap:
 PSYoungGen      total 292352K, used 102997K [0x000000076ab00000, 0x000000077f000000, 0x00000007c0000000)
  eden space 262656K, 39% used [0x000000076ab00000,0x0000000770f95740,0x000000077ab80000)
  from space 29696K, 0% used [0x000000077cc00000,0x000000077cc00000,0x000000077e900000)
  to   space 33280K, 0% used [0x000000077ab80000,0x000000077ab80000,0x000000077cc00000)
 ParOldGen       total 176640K, used 176610K [0x00000006c0000000, 0x00000006cac80000, 0x000000076ab00000)
  object space 176640K, 99% used [0x00000006c0000000,0x00000006cac78840,0x00000006cac80000)
 Metaspace       used 6402K, capacity 7280K, committed 7552K, reserved 1056768K
  class space    used 586K, capacity 616K, committed 640K, reserved 1048576K
GC Heap History (10 events):
Event: 6.721 GC heap before
{Heap before GC invocations=9 (full 1):
 PSYoungGen      total 295936K, used 265201K [0x000000076ab00000, 0x000000077f000000, 0x00000007c0000000)
  eden space 262656K, 100% used [0x000000076ab00000,0x000000077ab80000,0x000000077ab80000)
  from space 33280K, 7% used [0x000000077ab80000,0x000000077adfc4f8,0x000000077cc00000)
  to   space 29696K, 0% used [0x000000077cc00000,0x000000077cc00000,0x000000077e900000)
 ParOldGen       total 171520K, used 87249K [0x00000006c0000000, 0x00000006ca780000, 0x000000076ab00000)
  object space 171520K, 50% used [0x00000006c0000000,0x00000006c55347d0,0x00000006ca780000)
 Metaspace       used 6369K, capacity 7280K, committed 7552K, reserved 1056768K
  class space    used 586K, capacity 616K, committed 640K, reserved 1048576K
Event: 6.818 GC heap after
Heap after GC invocations=9 (full 1):
 PSYoungGen      total 292352K, used 29669K [0x000000076ab00000, 0x000000077f000000, 0x00000007c0000000)
  eden space 262656K, 0% used [0x000000076ab00000,0x000000076ab00000,0x000000077ab80000)
  from space 29696K, 99% used [0x000000077cc00000,0x000000077e8f95f0,0x000000077e900000)
  to   space 33280K, 0% used [0x000000077ab80000,0x000000077ab80000,0x000000077cc00000)
 ParOldGen       total 171520K, used 95549K [0x00000006c0000000, 0x00000006ca780000, 0x000000076ab00000)
  object space 171520K, 55% used [0x00000006c0000000,0x00000006c5d4f640,0x00000006ca780000)
 Metaspace       used 6369K, capacity 7280K, committed 7552K, reserved 1056768K
  class space    used 586K, capacity 616K, committed 640K, reserved 1048576K
}
Event: 8.014 GC heap before
{Heap before GC invocations=10 (full 1):
 PSYoungGen      total 292352K, used 292325K [0x000000076ab00000, 0x000000077f000000, 0x00000007c0000000)
  eden space 262656K, 100% used [0x000000076ab00000,0x000000077ab80000,0x000000077ab80000)
  from space 29696K, 99% used [0x000000077cc00000,0x000000077e8f95f0,0x000000077e900000)
  to   space 33280K, 0% used [0x000000077ab80000,0x000000077ab80000,0x000000077cc00000)
 ParOldGen       total 171520K, used 95549K [0x00000006c0000000, 0x00000006ca780000, 0x000000076ab00000)
  object space 171520K, 55% used [0x00000006c0000000,0x00000006c5d4f640,0x00000006ca780000)
 Metaspace       used 6385K, capacity 7280K, committed 7552K, reserved 1056768K
  class space    used 586K, capacity 616K, committed 640K, reserved 1048576K
Event: 8.160 GC heap after
Heap after GC invocations=10 (full 1):
 PSYoungGen      total 295936K, used 33279K [0x000000076ab00000, 0x000000077f000000, 0x00000007c0000000)
  eden space 262656K, 0% used [0x000000076ab00000,0x000000076ab00000,0x000000077ab80000)
  from space 33280K, 99% used [0x000000077ab80000,0x000000077cbfffb0,0x000000077cc00000)
  to   space 29696K, 0% used [0x000000077cc00000,0x000000077cc00000,0x000000077e900000)
 ParOldGen       total 171520K, used 132802K [0x00000006c0000000, 0x00000006ca780000, 0x000000076ab00000)
  object space 171520K, 77% used [0x00000006c0000000,0x00000006c81b0980,0x00000006ca780000)
 Metaspace       used 6385K, capacity 7280K, committed 7552K, reserved 1056768K
  class space    used 586K, capacity 616K, committed 640K, reserved 1048576K
}
Event: 9.420 GC heap before
{Heap before GC invocations=11 (full 1):
 PSYoungGen      total 295936K, used 295935K [0x000000076ab00000, 0x000000077f000000, 0x00000007c0000000)
  eden space 262656K, 100% used [0x000000076ab00000,0x000000077ab80000,0x000000077ab80000)
  from space 33280K, 99% used [0x000000077ab80000,0x000000077cbfffb0,0x000000077cc00000)
  to   space 29696K, 0% used [0x000000077cc00000,0x000000077cc00000,0x000000077e900000)
 ParOldGen       total 171520K, used 132802K [0x00000006c0000000, 0x00000006ca780000, 0x000000076ab00000)
  object space 171520K, 77% used [0x00000006c0000000,0x00000006c81b0980,0x00000006ca780000)
 Metaspace       used 6398K, capacity 7280K, committed 7552K, reserved 1056768K
  class space    used 586K, capacity 616K, committed 640K, reserved 1048576K
Event: 9.589 GC heap after
Heap after GC invocations=11 (full 1):
 PSYoungGen      total 292352K, used 29686K [0x000000076ab00000, 0x000000077f000000, 0x00000007c0000000)
  eden space 262656K, 0% used [0x000000076ab00000,0x000000076ab00000,0x000000077ab80000)
  from space 29696K, 99% used [0x000000077cc00000,0x000000077e8fdb90,0x000000077e900000)
  to   space 33280K, 0% used [0x000000077ab80000,0x000000077ab80000,0x000000077cc00000)
 ParOldGen       total 176640K, used 176485K [0x00000006c0000000, 0x00000006cac80000, 0x000000076ab00000)
  object space 176640K, 99% used [0x00000006c0000000,0x00000006cac59498,0x00000006cac80000)
 Metaspace       used 6398K, capacity 7280K, committed 7552K, reserved 1056768K
  class space    used 586K, capacity 616K, committed 640K, reserved 1048576K
}
Event: 9.589 GC heap before
{Heap before GC invocations=12 (full 2):
 PSYoungGen      total 292352K, used 29686K [0x000000076ab00000, 0x000000077f000000, 0x00000007c0000000)
  eden space 262656K, 0% used [0x000000076ab00000,0x000000076ab00000,0x000000077ab80000)
  from space 29696K, 99% used [0x000000077cc00000,0x000000077e8fdb90,0x000000077e900000)
  to   space 33280K, 0% used [0x000000077ab80000,0x000000077ab80000,0x000000077cc00000)
 ParOldGen       total 176640K, used 176485K [0x00000006c0000000, 0x00000006cac80000, 0x000000076ab00000)
  object space 176640K, 99% used [0x00000006c0000000,0x00000006cac59498,0x00000006cac80000)
 Metaspace       used 6398K, capacity 7280K, committed 7552K, reserved 1056768K
  class space    used 586K, capacity 616K, committed 640K, reserved 1048576K
Event: 11.235 GC heap after
Heap after GC invocations=12 (full 2):
 PSYoungGen      total 292352K, used 24451K [0x000000076ab00000, 0x000000077f000000, 0x00000007c0000000)
  eden space 262656K, 0% used [0x000000076ab00000,0x000000076ab00000,0x000000077ab80000)
  from space 29696K, 82% used [0x000000077cc00000,0x000000077e3e0ff8,0x000000077e900000)
  to   space 33280K, 0% used [0x000000077ab80000,0x000000077ab80000,0x000000077cc00000)
 ParOldGen       total 176640K, used 176315K [0x00000006c0000000, 0x00000006cac80000, 0x000000076ab00000)
  object space 176640K, 99% used [0x00000006c0000000,0x00000006cac2ede0,0x00000006cac80000)
 Metaspace       used 6398K, capacity 7280K, committed 7552K, reserved 1056768K
  class space    used 586K, capacity 616K, committed 640K, reserved 1048576K
}
Event: 12.519 GC heap before
{Heap before GC invocations=13 (full 3):
 PSYoungGen      total 292352K, used 287107K [0x000000076ab00000, 0x000000077f000000, 0x00000007c0000000)
  eden space 262656K, 100% used [0x000000076ab00000,0x000000077ab80000,0x000000077ab80000)
  from space 29696K, 82% used [0x000000077cc00000,0x000000077e3e0ff8,0x000000077e900000)
  to   space 33280K, 0% used [0x000000077ab80000,0x000000077ab80000,0x000000077cc00000)
 ParOldGen       total 176640K, used 176315K [0x00000006c0000000, 0x00000006cac80000, 0x000000076ab00000)
  object space 176640K, 99% used [0x00000006c0000000,0x00000006cac2ede0,0x00000006cac80000)
 Metaspace       used 6402K, capacity 7280K, committed 7552K, reserved 1056768K
  class space    used 586K, capacity 616K, committed 640K, reserved 1048576K
Event: 14.300 GC heap after
Heap after GC invocations=13 (full 3):
 PSYoungGen      total 292352K, used 57508K [0x000000076ab00000, 0x000000077f000000, 0x00000007c0000000)
  eden space 262656K, 21% used [0x000000076ab00000,0x000000076e329390,0x000000077ab80000)
  from space 29696K, 0% used [0x000000077cc00000,0x000000077cc00000,0x000000077e900000)
  to   space 33280K, 0% used [0x000000077ab80000,0x000000077ab80000,0x000000077cc00000)
 ParOldGen       total 176640K, used 176610K [0x00000006c0000000, 0x00000006cac80000, 0x000000076ab00000)
  object space 176640K, 99% used [0x00000006c0000000,0x00000006cac78840,0x00000006cac80000)
 Metaspace       used 6402K, capacity 7280K, committed 7552K, reserved 1056768K
  class space    used 586K, capacity 616K, committed 640K, reserved 1048576K
}

