# JRE version: OpenJDK Runtime Environment (8.0_112-b06) (build 1.8.0_112-release-b06)
# Java VM: OpenJDK 64-Bit Server VM (25.112-b06 mixed mode windows-amd64 compressed oops)
Heap:
 PSYoungGen      total 292352K, used 138122K [0x000000076ab00000, 0x000000077f000000, 0x00000007c0000000)
  eden space 262656K, 52% used [0x000000076ab00000,0x00000007731e2938,0x000000077ab80000)
  from space 29696K, 0% used [0x000000077cc00000,0x000000077cc00000,0x000000077e900000)
  to   space 33280K, 0% used [0x000000077ab80000,0x000000077ab80000,0x000000077cc00000)
 ParOldGen       total 283136K, used 283094K [0x00000006c0000000, 0x00000006d1480000, 0x000000076ab00000)
  object space 283136K, 99% used [0x00000006c0000000,0x00000006d1475848,0x00000006d1480000)
 Metaspace       used 6750K, capacity 7536K, committed 7808K, reserved 1056768K
  class space    used 603K, capacity 616K, committed 640K, reserved 1048576K
GC Heap History (10 events):
Event: 12.051 GC heap before
{Heap before GC invocations=11 (full 2):
 PSYoungGen      total 295936K, used 262656K [0x000000076ab00000, 0x000000077f000000, 0x00000007c0000000)
  eden space 262656K, 100% used [0x000000076ab00000,0x000000077ab80000,0x000000077ab80000)
  from space 33280K, 0% used [0x000000077ab80000,0x000000077ab80000,0x000000077cc00000)
  to   space 29696K, 0% used [0x000000077cc00000,0x000000077cc00000,0x000000077e900000)
 ParOldGen       total 283136K, used 159543K [0x00000006c0000000, 0x00000006d1480000, 0x000000076ab00000)
  object space 283136K, 56% used [0x00000006c0000000,0x00000006c9bcdc58,0x00000006d1480000)
 Metaspace       used 6401K, capacity 7280K, committed 7552K, reserved 1056768K
  class space    used 586K, capacity 616K, committed 640K, reserved 1048576K
Event: 12.167 GC heap after
Heap after GC invocations=11 (full 2):
 PSYoungGen      total 292352K, used 29678K [0x000000076ab00000, 0x000000077f000000, 0x00000007c0000000)
  eden space 262656K, 0% used [0x000000076ab00000,0x000000076ab00000,0x000000077ab80000)
  from space 29696K, 99% used [0x000000077cc00000,0x000000077e8fb8f8,0x000000077e900000)
  to   space 33280K, 0% used [0x000000077ab80000,0x000000077ab80000,0x000000077cc00000)
 ParOldGen       total 283136K, used 169375K [0x00000006c0000000, 0x00000006d1480000, 0x000000076ab00000)
  object space 283136K, 59% used [0x00000006c0000000,0x00000006ca567fb0,0x00000006d1480000)
 Metaspace       used 6401K, capacity 7280K, committed 7552K, reserved 1056768K
  class space    used 586K, capacity 616K, committed 640K, reserved 1048576K
}
Event: 13.591 GC heap before
{Heap before GC invocations=12 (full 2):
 PSYoungGen      total 292352K, used 292334K [0x000000076ab00000, 0x000000077f000000, 0x00000007c0000000)
  eden space 262656K, 100% used [0x000000076ab00000,0x000000077ab80000,0x000000077ab80000)
  from space 29696K, 99% used [0x000000077cc00000,0x000000077e8fb8f8,0x000000077e900000)
  to   space 33280K, 0% used [0x000000077ab80000,0x000000077ab80000,0x000000077cc00000)
 ParOldGen       total 283136K, used 169375K [0x00000006c0000000, 0x00000006d1480000, 0x000000076ab00000)
  object space 283136K, 59% used [0x00000006c0000000,0x00000006ca567fb0,0x00000006d1480000)
 Metaspace       used 6405K, capacity 7280K, committed 7552K, reserved 1056768K
  class space    used 586K, capacity 616K, committed 640K, reserved 1048576K
Event: 13.719 GC heap after
Heap after GC invocations=12 (full 2):
 PSYoungGen      total 295936K, used 33248K [0x000000076ab00000, 0x000000077f000000, 0x00000007c0000000)
  eden space 262656K, 0% used [0x000000076ab00000,0x000000076ab00000,0x000000077ab80000)
  from space 33280K, 99% used [0x000000077ab80000,0x000000077cbf8260,0x000000077cc00000)
  to   space 29696K, 0% used [0x000000077cc00000,0x000000077cc00000,0x000000077e900000)
 ParOldGen       total 283136K, used 204490K [0x00000006c0000000, 0x00000006d1480000, 0x000000076ab00000)
  object space 283136K, 72% used [0x00000006c0000000,0x00000006cc7b2ac8,0x00000006d1480000)
 Metaspace       used 6405K, capacity 7280K, committed 7552K, reserved 1056768K
  class space    used 586K, capacity 616K, committed 640K, reserved 1048576K
}
Event: 15.398 GC heap before
{Heap before GC invocations=13 (full 2):
 PSYoungGen      total 295936K, used 295904K [0x000000076ab00000, 0x000000077f000000, 0x00000007c0000000)
  eden space 262656K, 100% used [0x000000076ab00000,0x000000077ab80000,0x000000077ab80000)
  from space 33280K, 99% used [0x000000077ab80000,0x000000077cbf8260,0x000000077cc00000)
  to   space 29696K, 0% used [0x000000077cc00000,0x000000077cc00000,0x000000077e900000)
 ParOldGen       total 283136K, used 204490K [0x00000006c0000000, 0x00000006d1480000, 0x000000076ab00000)
  object space 283136K, 72% used [0x00000006c0000000,0x00000006cc7b2ac8,0x00000006d1480000)
 Metaspace       used 6405K, capacity 7280K, committed 7552K, reserved 1056768K
  class space    used 586K, capacity 616K, committed 640K, reserved 1048576K
Event: 15.546 GC heap after
Heap after GC invocations=13 (full 2):
 PSYoungGen      total 292352K, used 29686K [0x000000076ab00000, 0x000000077f000000, 0x00000007c0000000)
  eden space 262656K, 0% used [0x000000076ab00000,0x000000076ab00000,0x000000077ab80000)
  from space 29696K, 99% used [0x000000077cc00000,0x000000077e8fd940,0x000000077e900000)
  to   space 33280K, 0% used [0x000000077ab80000,0x000000077ab80000,0x000000077cc00000)
 ParOldGen       total 283136K, used 249993K [0x00000006c0000000, 0x00000006d1480000, 0x000000076ab00000)
  object space 283136K, 88% used [0x00000006c0000000,0x00000006cf422608,0x00000006d1480000)
 Metaspace       used 6405K, capacity 7280K, committed 7552K, reserved 1056768K
  class space    used 586K, capacity 616K, committed 640K, reserved 1048576K
}
Event: 15.546 GC heap before
{Heap before GC invocations=14 (full 3):
 PSYoungGen      total 292352K, used 29686K [0x000000076ab00000, 0x000000077f000000, 0x00000007c0000000)
  eden space 262656K, 0% used [0x000000076ab00000,0x000000076ab00000,0x000000077ab80000)
  from space 29696K, 99% used [0x000000077cc00000,0x000000077e8fd940,0x000000077e900000)
  to   space 33280K, 0% used [0x000000077ab80000,0x000000077ab80000,0x000000077cc00000)
 ParOldGen       total 283136K, used 249993K [0x00000006c0000000, 0x00000006d1480000, 0x000000076ab00000)
  object space 283136K, 88% used [0x00000006c0000000,0x00000006cf422608,0x00000006d1480000)
 Metaspace       used 6405K, capacity 7280K, committed 7552K, reserved 1056768K
  class space    used 586K, capacity 616K, committed 640K, reserved 1048576K
Event: 17.764 GC heap after
Heap after GC invocations=14 (full 3):
 PSYoungGen      total 292352K, used 0K [0x000000076ab00000, 0x000000077f000000, 0x00000007c0000000)
  eden space 262656K, 0% used [0x000000076ab00000,0x000000076ab00000,0x000000077ab80000)
  from space 29696K, 0% used [0x000000077cc00000,0x000000077cc00000,0x000000077e900000)
  to   space 33280K, 0% used [0x000000077ab80000,0x000000077ab80000,0x000000077cc00000)
 ParOldGen       total 283136K, used 276298K [0x00000006c0000000, 0x00000006d1480000, 0x000000076ab00000)
  object space 283136K, 97% used [0x00000006c0000000,0x00000006d0dd2880,0x00000006d1480000)
 Metaspace       used 6405K, capacity 7280K, committed 7552K, reserved 1056768K
  class space    used 586K, capacity 616K, committed 640K, reserved 1048576K
}
Event: 19.049 GC heap before
{Heap before GC invocations=15 (full 4):
 PSYoungGen      total 292352K, used 262656K [0x000000076ab00000, 0x000000077f000000, 0x00000007c0000000)
  eden space 262656K, 100% used [0x000000076ab00000,0x000000077ab80000,0x000000077ab80000)
  from space 29696K, 0% used [0x000000077cc00000,0x000000077cc00000,0x000000077e900000)
  to   space 33280K, 0% used [0x000000077ab80000,0x000000077ab80000,0x000000077cc00000)
 ParOldGen       total 283136K, used 276472K [0x00000006c0000000, 0x00000006d1480000, 0x000000076ab00000)
  object space 283136K, 97% used [0x00000006c0000000,0x00000006d0dfe3b0,0x00000006d1480000)
 Metaspace       used 6411K, capacity 7280K, committed 7552K, reserved 1056768K
  class space    used 586K, capacity 616K, committed 640K, reserved 1048576K
Event: 20.915 GC heap after
Heap after GC invocations=15 (full 4):
 PSYoungGen      total 292352K, used 28599K [0x000000076ab00000, 0x000000077f000000, 0x00000007c0000000)
  eden space 262656K, 10% used [0x000000076ab00000,0x000000076c6eddf8,0x000000077ab80000)
  from space 29696K, 0% used [0x000000077cc00000,0x000000077cc00000,0x000000077e900000)
  to   space 33280K, 0% used [0x000000077ab80000,0x000000077ab80000,0x000000077cc00000)
 ParOldGen       total 283136K, used 283094K [0x00000006c0000000, 0x00000006d1480000, 0x000000076ab00000)
  object space 283136K, 99% used [0x00000006c0000000,0x00000006d1475848,0x00000006d1480000)
 Metaspace       used 6411K, capacity 7280K, committed 7552K, reserved 1056768K
  class space    used 586K, capacity 616K, committed 640K, reserved 1048576K
}

