# JRE version: OpenJDK Runtime Environment (8.0_112-b06) (build 1.8.0_112-release-b06)
# Java VM: OpenJDK 64-Bit Server VM (25.112-b06 mixed mode windows-amd64 compressed oops)
Heap:
 PSYoungGen      total 451072K, used 203709K [0x000000076ab00000, 0x000000078b580000, 0x00000007c0000000)
  eden space 394752K, 51% used [0x000000076ab00000,0x00000007771ef490,0x0000000782c80000)
  from space 56320K, 0% used [0x0000000786c80000,0x0000000786c80000,0x000000078a380000)
  to   space 65536K, 0% used [0x0000000782c80000,0x0000000782c80000,0x0000000786c80000)
 ParOldGen       total 87552K, used 87372K [0x00000006c0000000, 0x00000006c5580000, 0x000000076ab00000)
  object space 87552K, 99% used [0x00000006c0000000,0x00000006c5553030,0x00000006c5580000)
 Metaspace       used 6395K, capacity 7280K, committed 7552K, reserved 1056768K
  class space    used 587K, capacity 616K, committed 640K, reserved 1048576K
GC Heap History (10 events):
Event: 6.522 GC heap before
{Heap before GC invocations=9 (full 0):
 PSYoungGen      total 284160K, used 284155K [0x000000076ab00000, 0x000000077f900000, 0x00000007c0000000)
  eden space 252416K, 100% used [0x000000076ab00000,0x000000077a180000,0x000000077a180000)
  from space 31744K, 99% used [0x000000077c900000,0x000000077e7fecb8,0x000000077e800000)
  to   space 40448K, 0% used [0x000000077a180000,0x000000077a180000,0x000000077c900000)
 ParOldGen       total 87552K, used 39689K [0x00000006c0000000, 0x00000006c5580000, 0x000000076ab00000)
  object space 87552K, 45% used [0x00000006c0000000,0x00000006c26c2568,0x00000006c5580000)
 Metaspace       used 6358K, capacity 7280K, committed 7552K, reserved 1056768K
  class space    used 586K, capacity 616K, committed 640K, reserved 1048576K
Event: 6.676 GC heap after
Heap after GC invocations=9 (full 0):
 PSYoungGen      total 292864K, used 40419K [0x000000076ab00000, 0x000000078a380000, 0x00000007c0000000)
  eden space 252416K, 0% used [0x000000076ab00000,0x000000076ab00000,0x000000077a180000)
  from space 40448K, 99% used [0x000000077a180000,0x000000077c8f8e80,0x000000077c900000)
  to   space 56320K, 0% used [0x0000000786c80000,0x0000000786c80000,0x000000078a380000)
 ParOldGen       total 87552K, used 61399K [0x00000006c0000000, 0x00000006c5580000, 0x000000076ab00000)
  object space 87552K, 70% used [0x00000006c0000000,0x00000006c3bf5cf0,0x00000006c5580000)
 Metaspace       used 6358K, capacity 7280K, committed 7552K, reserved 1056768K
  class space    used 586K, capacity 616K, committed 640K, reserved 1048576K
}
Event: 8.544 GC heap before
{Heap before GC invocations=10 (full 0):
 PSYoungGen      total 292864K, used 292835K [0x000000076ab00000, 0x000000078a380000, 0x00000007c0000000)
  eden space 252416K, 100% used [0x000000076ab00000,0x000000077a180000,0x000000077a180000)
  from space 40448K, 99% used [0x000000077a180000,0x000000077c8f8e80,0x000000077c900000)
  to   space 56320K, 0% used [0x0000000786c80000,0x0000000786c80000,0x000000078a380000)
 ParOldGen       total 87552K, used 61399K [0x00000006c0000000, 0x00000006c5580000, 0x000000076ab00000)
  object space 87552K, 70% used [0x00000006c0000000,0x00000006c3bf5cf0,0x00000006c5580000)
 Metaspace       used 6374K, capacity 7280K, committed 7552K, reserved 1056768K
  class space    used 586K, capacity 616K, committed 640K, reserved 1048576K
Event: 8.686 GC heap after
Heap after GC invocations=10 (full 0):
 PSYoungGen      total 451072K, used 54594K [0x000000076ab00000, 0x000000078b580000, 0x00000007c0000000)
  eden space 394752K, 0% used [0x000000076ab00000,0x000000076ab00000,0x0000000782c80000)
  from space 56320K, 96% used [0x0000000786c80000,0x000000078a1d0a10,0x000000078a380000)
  to   space 65536K, 0% used [0x0000000782c80000,0x0000000782c80000,0x0000000786c80000)
 ParOldGen       total 87552K, used 82021K [0x00000006c0000000, 0x00000006c5580000, 0x000000076ab00000)
  object space 87552K, 93% used [0x00000006c0000000,0x00000006c50197a8,0x00000006c5580000)
 Metaspace       used 6374K, capacity 7280K, committed 7552K, reserved 1056768K
  class space    used 586K, capacity 616K, committed 640K, reserved 1048576K
}
Event: 8.686 GC heap before
{Heap before GC invocations=11 (full 1):
 PSYoungGen      total 451072K, used 54594K [0x000000076ab00000, 0x000000078b580000, 0x00000007c0000000)
  eden space 394752K, 0% used [0x000000076ab00000,0x000000076ab00000,0x0000000782c80000)
  from space 56320K, 96% used [0x0000000786c80000,0x000000078a1d0a10,0x000000078a380000)
  to   space 65536K, 0% used [0x0000000782c80000,0x0000000782c80000,0x0000000786c80000)
 ParOldGen       total 87552K, used 82021K [0x00000006c0000000, 0x00000006c5580000, 0x000000076ab00000)
  object space 87552K, 93% used [0x00000006c0000000,0x00000006c50197a8,0x00000006c5580000)
 Metaspace       used 6374K, capacity 7280K, committed 7552K, reserved 1056768K
  class space    used 586K, capacity 616K, committed 640K, reserved 1048576K
Event: 10.211 GC heap after
Heap after GC invocations=11 (full 1):
 PSYoungGen      total 451072K, used 43905K [0x000000076ab00000, 0x000000078b580000, 0x00000007c0000000)
  eden space 394752K, 0% used [0x000000076ab00000,0x000000076ab00000,0x0000000782c80000)
  from space 56320K, 77% used [0x0000000786c80000,0x0000000789760710,0x000000078a380000)
  to   space 65536K, 0% used [0x0000000782c80000,0x0000000782c80000,0x0000000786c80000)
 ParOldGen       total 87552K, used 87219K [0x00000006c0000000, 0x00000006c5580000, 0x000000076ab00000)
  object space 87552K, 99% used [0x00000006c0000000,0x00000006c552cf30,0x00000006c5580000)
 Metaspace       used 6374K, capacity 7280K, committed 7552K, reserved 1056768K
  class space    used 586K, capacity 616K, committed 640K, reserved 1048576K
}
Event: 14.159 GC heap before
{Heap before GC invocations=12 (full 2):
 PSYoungGen      total 451072K, used 438657K [0x000000076ab00000, 0x000000078b580000, 0x00000007c0000000)
  eden space 394752K, 100% used [0x000000076ab00000,0x0000000782c80000,0x0000000782c80000)
  from space 56320K, 77% used [0x0000000786c80000,0x0000000789760710,0x000000078a380000)
  to   space 65536K, 0% used [0x0000000782c80000,0x0000000782c80000,0x0000000786c80000)
 ParOldGen       total 87552K, used 87219K [0x00000006c0000000, 0x00000006c5580000, 0x000000076ab00000)
  object space 87552K, 99% used [0x00000006c0000000,0x00000006c552cf30,0x00000006c5580000)
 Metaspace       used 6391K, capacity 7280K, committed 7552K, reserved 1056768K
  class space    used 586K, capacity 616K, committed 640K, reserved 1048576K
Event: 15.595 GC heap after
Heap after GC invocations=12 (full 2):
 PSYoungGen      total 451072K, used 104740K [0x000000076ab00000, 0x000000078b580000, 0x00000007c0000000)
  eden space 394752K, 26% used [0x000000076ab00000,0x0000000771149160,0x0000000782c80000)
  from space 56320K, 0% used [0x0000000786c80000,0x0000000786c80000,0x000000078a380000)
  to   space 65536K, 0% used [0x0000000782c80000,0x0000000782c80000,0x0000000786c80000)
 ParOldGen       total 87552K, used 87410K [0x00000006c0000000, 0x00000006c5580000, 0x000000076ab00000)
  object space 87552K, 99% used [0x00000006c0000000,0x00000006c555c850,0x00000006c5580000)
 Metaspace       used 6391K, capacity 7280K, committed 7552K, reserved 1056768K
  class space    used 586K, capacity 616K, committed 640K, reserved 1048576K
}
Event: 18.515 GC heap before
{Heap before GC invocations=13 (full 3):
 PSYoungGen      total 451072K, used 394752K [0x000000076ab00000, 0x000000078b580000, 0x00000007c0000000)
  eden space 394752K, 100% used [0x000000076ab00000,0x0000000782c80000,0x0000000782c80000)
  from space 56320K, 0% used [0x0000000786c80000,0x0000000786c80000,0x000000078a380000)
  to   space 65536K, 0% used [0x0000000782c80000,0x0000000782c80000,0x0000000786c80000)
 ParOldGen       total 87552K, used 87410K [0x00000006c0000000, 0x00000006c5580000, 0x000000076ab00000)
  object space 87552K, 99% used [0x00000006c0000000,0x00000006c555c850,0x00000006c5580000)
 Metaspace       used 6395K, capacity 7280K, committed 7552K, reserved 1056768K
  class space    used 587K, capacity 616K, committed 640K, reserved 1048576K
Event: 19.868 GC heap after
Heap after GC invocations=13 (full 3):
 PSYoungGen      total 451072K, used 145773K [0x000000076ab00000, 0x000000078b580000, 0x00000007c0000000)
  eden space 394752K, 36% used [0x000000076ab00000,0x000000077395b4b8,0x0000000782c80000)
  from space 56320K, 0% used [0x0000000786c80000,0x0000000786c80000,0x000000078a380000)
  to   space 65536K, 0% used [0x0000000782c80000,0x0000000782c80000,0x0000000786c80000)
 ParOldGen       total 87552K, used 87372K [0x00000006c0000000, 0x00000006c5580000, 0x000000076ab00000)
  object space 87552K, 99% used [0x00000006c0000000,0x00000006c5553030,0x00000006c5580000)
 Metaspace       used 6395K, capacity 7280K, committed 7552K, reserved 1056768K
  class space    used 587K, capacity 616K, committed 640K, reserved 1048576K
}

