# JRE version: OpenJDK Runtime Environment (8.0_112-b06) (build 1.8.0_112-release-b06)
# Java VM: OpenJDK 64-Bit Server VM (25.112-b06 mixed mode windows-amd64 compressed oops)
Heap:
 PSYoungGen      total 151040K, used 126188K [0x000000076ab00000, 0x000000077da00000, 0x00000007c0000000)
  eden space 130560K, 96% used [0x000000076ab00000,0x000000077263b060,0x0000000772a80000)
  from space 20480K, 0% used [0x0000000772a80000,0x0000000772a80000,0x0000000773e80000)
  to   space 50688K, 0% used [0x000000077a880000,0x000000077a880000,0x000000077da00000)
 ParOldGen       total 87552K, used 87127K [0x00000006c0000000, 0x00000006c5580000, 0x000000076ab00000)
  object space 87552K, 99% used [0x00000006c0000000,0x00000006c5515e68,0x00000006c5580000)
 Metaspace       used 6392K, capacity 7280K, committed 7552K, reserved 1056768K
  class space    used 586K, capacity 616K, committed 640K, reserved 1048576K
GC Heap History (10 events):
Event: 16.176 GC heap before
{Heap before GC invocations=18 (full 9):
 PSYoungGen      total 151040K, used 130560K [0x000000076ab00000, 0x000000077da00000, 0x00000007c0000000)
  eden space 130560K, 100% used [0x000000076ab00000,0x0000000772a80000,0x0000000772a80000)
  from space 20480K, 0% used [0x0000000772a80000,0x0000000772a80000,0x0000000773e80000)
  to   space 50688K, 0% used [0x000000077a880000,0x000000077a880000,0x000000077da00000)
 ParOldGen       total 87552K, used 87160K [0x00000006c0000000, 0x00000006c5580000, 0x000000076ab00000)
  object space 87552K, 99% used [0x00000006c0000000,0x00000006c551e368,0x00000006c5580000)
 Metaspace       used 6383K, capacity 7280K, committed 7552K, reserved 1056768K
  class space    used 586K, capacity 616K, committed 640K, reserved 1048576K
Event: 17.020 GC heap after
Heap after GC invocations=18 (full 9):
 PSYoungGen      total 151040K, used 88398K [0x000000076ab00000, 0x000000077da00000, 0x00000007c0000000)
  eden space 130560K, 67% used [0x000000076ab00000,0x0000000770153840,0x0000000772a80000)
  from space 20480K, 0% used [0x0000000772a80000,0x0000000772a80000,0x0000000773e80000)
  to   space 50688K, 0% used [0x000000077a880000,0x000000077a880000,0x000000077da00000)
 ParOldGen       total 87552K, used 87128K [0x00000006c0000000, 0x00000006c5580000, 0x000000076ab00000)
  object space 87552K, 99% used [0x00000006c0000000,0x00000006c5516038,0x00000006c5580000)
 Metaspace       used 6383K, capacity 7280K, committed 7552K, reserved 1056768K
  class space    used 586K, capacity 616K, committed 640K, reserved 1048576K
}
Event: 17.227 GC heap before
{Heap before GC invocations=19 (full 10):
 PSYoungGen      total 151040K, used 130560K [0x000000076ab00000, 0x000000077da00000, 0x00000007c0000000)
  eden space 130560K, 100% used [0x000000076ab00000,0x0000000772a80000,0x0000000772a80000)
  from space 20480K, 0% used [0x0000000772a80000,0x0000000772a80000,0x0000000773e80000)
  to   space 50688K, 0% used [0x000000077a880000,0x000000077a880000,0x000000077da00000)
 ParOldGen       total 87552K, used 87128K [0x00000006c0000000, 0x00000006c5580000, 0x000000076ab00000)
  object space 87552K, 99% used [0x00000006c0000000,0x00000006c5516038,0x00000006c5580000)
 Metaspace       used 6384K, capacity 7280K, committed 7552K, reserved 1056768K
  class space    used 586K, capacity 616K, committed 640K, reserved 1048576K
Event: 17.946 GC heap after
Heap after GC invocations=19 (full 10):
 PSYoungGen      total 151040K, used 94224K [0x000000076ab00000, 0x000000077da00000, 0x00000007c0000000)
  eden space 130560K, 72% used [0x000000076ab00000,0x0000000770704360,0x0000000772a80000)
  from space 20480K, 0% used [0x0000000772a80000,0x0000000772a80000,0x0000000773e80000)
  to   space 50688K, 0% used [0x000000077a880000,0x000000077a880000,0x000000077da00000)
 ParOldGen       total 87552K, used 87128K [0x00000006c0000000, 0x00000006c5580000, 0x000000076ab00000)
  object space 87552K, 99% used [0x00000006c0000000,0x00000006c5516028,0x00000006c5580000)
 Metaspace       used 6384K, capacity 7280K, committed 7552K, reserved 1056768K
  class space    used 586K, capacity 616K, committed 640K, reserved 1048576K
}
Event: 18.149 GC heap before
{Heap before GC invocations=20 (full 11):
 PSYoungGen      total 151040K, used 130560K [0x000000076ab00000, 0x000000077da00000, 0x00000007c0000000)
  eden space 130560K, 100% used [0x000000076ab00000,0x0000000772a80000,0x0000000772a80000)
  from space 20480K, 0% used [0x0000000772a80000,0x0000000772a80000,0x0000000773e80000)
  to   space 50688K, 0% used [0x000000077a880000,0x000000077a880000,0x000000077da00000)
 ParOldGen       total 87552K, used 87128K [0x00000006c0000000, 0x00000006c5580000, 0x000000076ab00000)
  object space 87552K, 99% used [0x00000006c0000000,0x00000006c5516028,0x00000006c5580000)
 Metaspace       used 6390K, capacity 7280K, committed 7552K, reserved 1056768K
  class space    used 586K, capacity 616K, committed 640K, reserved 1048576K
Event: 19.108 GC heap after
Heap after GC invocations=20 (full 11):
 PSYoungGen      total 151040K, used 99497K [0x000000076ab00000, 0x000000077da00000, 0x00000007c0000000)
  eden space 130560K, 76% used [0x000000076ab00000,0x0000000770c2a548,0x0000000772a80000)
  from space 20480K, 0% used [0x0000000772a80000,0x0000000772a80000,0x0000000773e80000)
  to   space 50688K, 0% used [0x000000077a880000,0x000000077a880000,0x000000077da00000)
 ParOldGen       total 87552K, used 87127K [0x00000006c0000000, 0x00000006c5580000, 0x000000076ab00000)
  object space 87552K, 99% used [0x00000006c0000000,0x00000006c5515ee8,0x00000006c5580000)
 Metaspace       used 6390K, capacity 7280K, committed 7552K, reserved 1056768K
  class space    used 586K, capacity 616K, committed 640K, reserved 1048576K
}
Event: 19.535 GC heap before
{Heap before GC invocations=21 (full 12):
 PSYoungGen      total 151040K, used 130560K [0x000000076ab00000, 0x000000077da00000, 0x00000007c0000000)
  eden space 130560K, 100% used [0x000000076ab00000,0x0000000772a80000,0x0000000772a80000)
  from space 20480K, 0% used [0x0000000772a80000,0x0000000772a80000,0x0000000773e80000)
  to   space 50688K, 0% used [0x000000077a880000,0x000000077a880000,0x000000077da00000)
 ParOldGen       total 87552K, used 87127K [0x00000006c0000000, 0x00000006c5580000, 0x000000076ab00000)
  object space 87552K, 99% used [0x00000006c0000000,0x00000006c5515ee8,0x00000006c5580000)
 Metaspace       used 6390K, capacity 7280K, committed 7552K, reserved 1056768K
  class space    used 586K, capacity 616K, committed 640K, reserved 1048576K
Event: 20.184 GC heap after
Heap after GC invocations=21 (full 12):
 PSYoungGen      total 151040K, used 103625K [0x000000076ab00000, 0x000000077da00000, 0x00000007c0000000)
  eden space 130560K, 79% used [0x000000076ab00000,0x00000007710324a0,0x0000000772a80000)
  from space 20480K, 0% used [0x0000000772a80000,0x0000000772a80000,0x0000000773e80000)
  to   space 50688K, 0% used [0x000000077a880000,0x000000077a880000,0x000000077da00000)
 ParOldGen       total 87552K, used 87127K [0x00000006c0000000, 0x00000006c5580000, 0x000000076ab00000)
  object space 87552K, 99% used [0x00000006c0000000,0x00000006c5515ee8,0x00000006c5580000)
 Metaspace       used 6390K, capacity 7280K, committed 7552K, reserved 1056768K
  class space    used 586K, capacity 616K, committed 640K, reserved 1048576K
}
Event: 20.512 GC heap before
{Heap before GC invocations=22 (full 13):
 PSYoungGen      total 151040K, used 130560K [0x000000076ab00000, 0x000000077da00000, 0x00000007c0000000)
  eden space 130560K, 100% used [0x000000076ab00000,0x0000000772a80000,0x0000000772a80000)
  from space 20480K, 0% used [0x0000000772a80000,0x0000000772a80000,0x0000000773e80000)
  to   space 50688K, 0% used [0x000000077a880000,0x000000077a880000,0x000000077da00000)
 ParOldGen       total 87552K, used 87127K [0x00000006c0000000, 0x00000006c5580000, 0x000000076ab00000)
  object space 87552K, 99% used [0x00000006c0000000,0x00000006c5515ee8,0x00000006c5580000)
 Metaspace       used 6390K, capacity 7280K, committed 7552K, reserved 1056768K
  class space    used 586K, capacity 616K, committed 640K, reserved 1048576K
Event: 21.569 GC heap after
Heap after GC invocations=22 (full 13):
 PSYoungGen      total 151040K, used 107251K [0x000000076ab00000, 0x000000077da00000, 0x00000007c0000000)
  eden space 130560K, 82% used [0x000000076ab00000,0x00000007713bcd40,0x0000000772a80000)
  from space 20480K, 0% used [0x0000000772a80000,0x0000000772a80000,0x0000000773e80000)
  to   space 50688K, 0% used [0x000000077a880000,0x000000077a880000,0x000000077da00000)
 ParOldGen       total 87552K, used 87127K [0x00000006c0000000, 0x00000006c5580000, 0x000000076ab00000)
  object space 87552K, 99% used [0x00000006c0000000,0x00000006c5515e68,0x00000006c5580000)
 Metaspace       used 6390K, capacity 7280K, committed 7552K, reserved 1056768K
  class space    used 586K, capacity 616K, committed 640K, reserved 1048576K
}

