# JRE version: OpenJDK Runtime Environment (8.0_112-b06) (build 1.8.0_112-release-b06)
# Java VM: OpenJDK 64-Bit Server VM (25.112-b06 mixed mode windows-amd64 compressed oops)
Heap:
 PSYoungGen      total 558592K, used 113400K [0x000000076ab00000, 0x0000000798800000, 0x00000007c0000000)
  eden space 456192K, 8% used [0x000000076ab00000,0x000000076d056cb0,0x0000000786880000)
  from space 102400K, 73% used [0x0000000786880000,0x000000078b1e7698,0x000000078cc80000)
  to   space 110080K, 0% used [0x0000000791c80000,0x0000000791c80000,0x0000000798800000)
 ParOldGen       total 374272K, used 220603K [0x00000006c0000000, 0x00000006d6d80000, 0x000000076ab00000)
  object space 374272K, 58% used [0x00000006c0000000,0x00000006cd76ecd0,0x00000006d6d80000)
 Metaspace       used 6412K, capacity 7280K, committed 7552K, reserved 1056768K
  class space    used 585K, capacity 616K, committed 640K, reserved 1048576K
GC Heap History (10 events):
Event: 6.869 GC heap before
{Heap before GC invocations=9 (full 1):
 PSYoungGen      total 295936K, used 265197K [0x000000076ab00000, 0x0000000790f00000, 0x00000007c0000000)
  eden space 262656K, 100% used [0x000000076ab00000,0x000000077ab80000,0x000000077ab80000)
  from space 33280K, 7% used [0x000000077ab80000,0x000000077adfb420,0x000000077cc00000)
  to   space 50688K, 0% used [0x000000078dd80000,0x000000078dd80000,0x0000000790f00000)
 ParOldGen       total 172032K, used 87144K [0x00000006c0000000, 0x00000006ca800000, 0x000000076ab00000)
  object space 172032K, 50% used [0x00000006c0000000,0x00000006c551a288,0x00000006ca800000)
 Metaspace       used 6373K, capacity 7280K, committed 7552K, reserved 1056768K
  class space    used 585K, capacity 616K, committed 640K, reserved 1048576K
Event: 6.969 GC heap after
Heap after GC invocations=9 (full 1):
 PSYoungGen      total 365056K, used 37284K [0x000000076ab00000, 0x0000000790200000, 0x00000007c0000000)
  eden space 327680K, 0% used [0x000000076ab00000,0x000000076ab00000,0x000000077eb00000)
  from space 37376K, 99% used [0x000000078dd80000,0x00000007901e93f8,0x0000000790200000)
  to   space 54784K, 0% used [0x0000000789700000,0x0000000789700000,0x000000078cc80000)
 ParOldGen       total 172032K, used 87152K [0x00000006c0000000, 0x00000006ca800000, 0x000000076ab00000)
  object space 172032K, 50% used [0x00000006c0000000,0x00000006c551c288,0x00000006ca800000)
 Metaspace       used 6373K, capacity 7280K, committed 7552K, reserved 1056768K
  class space    used 585K, capacity 616K, committed 640K, reserved 1048576K
}
Event: 8.462 GC heap before
{Heap before GC invocations=10 (full 1):
 PSYoungGen      total 365056K, used 364964K [0x000000076ab00000, 0x0000000790200000, 0x00000007c0000000)
  eden space 327680K, 100% used [0x000000076ab00000,0x000000077eb00000,0x000000077eb00000)
  from space 37376K, 99% used [0x000000078dd80000,0x00000007901e93f8,0x0000000790200000)
  to   space 54784K, 0% used [0x0000000789700000,0x0000000789700000,0x000000078cc80000)
 ParOldGen       total 172032K, used 87152K [0x00000006c0000000, 0x00000006ca800000, 0x000000076ab00000)
  object space 172032K, 50% used [0x00000006c0000000,0x00000006c551c288,0x00000006ca800000)
 Metaspace       used 6395K, capacity 7280K, committed 7552K, reserved 1056768K
  class space    used 585K, capacity 616K, committed 640K, reserved 1048576K
Event: 8.679 GC heap after
Heap after GC invocations=10 (full 1):
 PSYoungGen      total 441344K, used 54781K [0x000000076ab00000, 0x000000078de00000, 0x00000007c0000000)
  eden space 386560K, 0% used [0x000000076ab00000,0x000000076ab00000,0x0000000782480000)
  from space 54784K, 99% used [0x0000000789700000,0x000000078cc7f540,0x000000078cc80000)
  to   space 17920K, 0% used [0x000000078cc80000,0x000000078cc80000,0x000000078de00000)
 ParOldGen       total 172032K, used 118295K [0x00000006c0000000, 0x00000006ca800000, 0x000000076ab00000)
  object space 172032K, 68% used [0x00000006c0000000,0x00000006c7385ef8,0x00000006ca800000)
 Metaspace       used 6395K, capacity 7280K, committed 7552K, reserved 1056768K
  class space    used 585K, capacity 616K, committed 640K, reserved 1048576K
}
Event: 10.641 GC heap before
{Heap before GC invocations=11 (full 1):
 PSYoungGen      total 441344K, used 441341K [0x000000076ab00000, 0x000000078de00000, 0x00000007c0000000)
  eden space 386560K, 100% used [0x000000076ab00000,0x0000000782480000,0x0000000782480000)
  from space 54784K, 99% used [0x0000000789700000,0x000000078cc7f540,0x000000078cc80000)
  to   space 17920K, 0% used [0x000000078cc80000,0x000000078cc80000,0x000000078de00000)
 ParOldGen       total 172032K, used 118295K [0x00000006c0000000, 0x00000006ca800000, 0x000000076ab00000)
  object space 172032K, 68% used [0x00000006c0000000,0x00000006c7385ef8,0x00000006ca800000)
 Metaspace       used 6405K, capacity 7280K, committed 7552K, reserved 1056768K
  class space    used 585K, capacity 616K, committed 640K, reserved 1048576K
Event: 10.953 GC heap after
Heap after GC invocations=11 (full 1):
 PSYoungGen      total 474112K, used 17919K [0x000000076ab00000, 0x0000000793980000, 0x00000007c0000000)
  eden space 456192K, 0% used [0x000000076ab00000,0x000000076ab00000,0x0000000786880000)
  from space 17920K, 99% used [0x000000078cc80000,0x000000078ddffd10,0x000000078de00000)
  to   space 102400K, 0% used [0x0000000786880000,0x0000000786880000,0x000000078cc80000)
 ParOldGen       total 212480K, used 211613K [0x00000006c0000000, 0x00000006ccf80000, 0x000000076ab00000)
  object space 212480K, 99% used [0x00000006c0000000,0x00000006ccea7758,0x00000006ccf80000)
 Metaspace       used 6405K, capacity 7280K, committed 7552K, reserved 1056768K
  class space    used 585K, capacity 616K, committed 640K, reserved 1048576K
}
Event: 10.953 GC heap before
{Heap before GC invocations=12 (full 2):
 PSYoungGen      total 474112K, used 17919K [0x000000076ab00000, 0x0000000793980000, 0x00000007c0000000)
  eden space 456192K, 0% used [0x000000076ab00000,0x000000076ab00000,0x0000000786880000)
  from space 17920K, 99% used [0x000000078cc80000,0x000000078ddffd10,0x000000078de00000)
  to   space 102400K, 0% used [0x0000000786880000,0x0000000786880000,0x000000078cc80000)
 ParOldGen       total 212480K, used 211613K [0x00000006c0000000, 0x00000006ccf80000, 0x000000076ab00000)
  object space 212480K, 99% used [0x00000006c0000000,0x00000006ccea7758,0x00000006ccf80000)
 Metaspace       used 6405K, capacity 7280K, committed 7552K, reserved 1056768K
  class space    used 585K, capacity 616K, committed 640K, reserved 1048576K
Event: 12.799 GC heap after
Heap after GC invocations=12 (full 2):
 PSYoungGen      total 474112K, used 13746K [0x000000076ab00000, 0x0000000793980000, 0x00000007c0000000)
  eden space 456192K, 0% used [0x000000076ab00000,0x000000076ab00000,0x0000000786880000)
  from space 17920K, 76% used [0x000000078cc80000,0x000000078d9ec900,0x000000078de00000)
  to   space 102400K, 0% used [0x0000000786880000,0x0000000786880000,0x000000078cc80000)
 ParOldGen       total 374272K, used 212423K [0x00000006c0000000, 0x00000006d6d80000, 0x000000076ab00000)
  object space 374272K, 56% used [0x00000006c0000000,0x00000006ccf71f30,0x00000006d6d80000)
 Metaspace       used 6405K, capacity 7280K, committed 7552K, reserved 1056768K
  class space    used 585K, capacity 616K, committed 640K, reserved 1048576K
}
Event: 15.206 GC heap before
{Heap before GC invocations=13 (full 2):
 PSYoungGen      total 474112K, used 469938K [0x000000076ab00000, 0x0000000793980000, 0x00000007c0000000)
  eden space 456192K, 100% used [0x000000076ab00000,0x0000000786880000,0x0000000786880000)
  from space 17920K, 76% used [0x000000078cc80000,0x000000078d9ec900,0x000000078de00000)
  to   space 102400K, 0% used [0x0000000786880000,0x0000000786880000,0x000000078cc80000)
 ParOldGen       total 374272K, used 212423K [0x00000006c0000000, 0x00000006d6d80000, 0x000000076ab00000)
  object space 374272K, 56% used [0x00000006c0000000,0x00000006ccf71f30,0x00000006d6d80000)
 Metaspace       used 6412K, capacity 7280K, committed 7552K, reserved 1056768K
  class space    used 585K, capacity 616K, committed 640K, reserved 1048576K
Event: 15.442 GC heap after
Heap after GC invocations=13 (full 2):
 PSYoungGen      total 558592K, used 75165K [0x000000076ab00000, 0x0000000798800000, 0x00000007c0000000)
  eden space 456192K, 0% used [0x000000076ab00000,0x000000076ab00000,0x0000000786880000)
  from space 102400K, 73% used [0x0000000786880000,0x000000078b1e7698,0x000000078cc80000)
  to   space 110080K, 0% used [0x0000000791c80000,0x0000000791c80000,0x0000000798800000)
 ParOldGen       total 374272K, used 220603K [0x00000006c0000000, 0x00000006d6d80000, 0x000000076ab00000)
  object space 374272K, 58% used [0x00000006c0000000,0x00000006cd76ecd0,0x00000006d6d80000)
 Metaspace       used 6412K, capacity 7280K, committed 7552K, reserved 1056768K
  class space    used 585K, capacity 616K, committed 640K, reserved 1048576K
}

