# JRE version: OpenJDK Runtime Environment (8.0_112-b06) (build 1.8.0_112-release-b06)
# Java VM: OpenJDK 64-Bit Server VM (25.112-b06 mixed mode windows-amd64 compressed oops)
Heap:
 PSYoungGen      total 306176K, used 249856K [0x000000076ab00000, 0x0000000789f80000, 0x00000007c0000000)
  eden space 249856K, 100% used [0x000000076ab00000,0x0000000779f00000,0x0000000779f00000)
  from space 56320K, 0% used [0x0000000786880000,0x0000000786880000,0x0000000789f80000)
  to   space 41984K, 0% used [0x0000000779f00000,0x0000000779f00000,0x000000077c800000)
 ParOldGen       total 87552K, used 87472K [0x00000006c0000000, 0x00000006c5580000, 0x000000076ab00000)
  object space 87552K, 99% used [0x00000006c0000000,0x00000006c556c268,0x00000006c5580000)
 Metaspace       used 6399K, capacity 7280K, committed 7552K, reserved 1056768K
  class space    used 585K, capacity 616K, committed 640K, reserved 1048576K
GC Heap History (10 events):
Event: 8.335 GC heap after
Heap after GC invocations=10 (full 0):
 PSYoungGen      total 306176K, used 56301K [0x000000076ab00000, 0x0000000789f80000, 0x00000007c0000000)
  eden space 249856K, 0% used [0x000000076ab00000,0x000000076ab00000,0x0000000779f00000)
  from space 56320K, 99% used [0x0000000786880000,0x0000000789f7b530,0x0000000789f80000)
  to   space 41984K, 0% used [0x0000000779f00000,0x0000000779f00000,0x000000077c800000)
 ParOldGen       total 87552K, used 78770K [0x00000006c0000000, 0x00000006c5580000, 0x000000076ab00000)
  object space 87552K, 89% used [0x00000006c0000000,0x00000006c4cec920,0x00000006c5580000)
 Metaspace       used 6368K, capacity 7280K, committed 7552K, reserved 1056768K
  class space    used 585K, capacity 616K, committed 640K, reserved 1048576K
}
Event: 8.335 GC heap before
{Heap before GC invocations=11 (full 1):
 PSYoungGen      total 306176K, used 56301K [0x000000076ab00000, 0x0000000789f80000, 0x00000007c0000000)
  eden space 249856K, 0% used [0x000000076ab00000,0x000000076ab00000,0x0000000779f00000)
  from space 56320K, 99% used [0x0000000786880000,0x0000000789f7b530,0x0000000789f80000)
  to   space 41984K, 0% used [0x0000000779f00000,0x0000000779f00000,0x000000077c800000)
 ParOldGen       total 87552K, used 78770K [0x00000006c0000000, 0x00000006c5580000, 0x000000076ab00000)
  object space 87552K, 89% used [0x00000006c0000000,0x00000006c4cec920,0x00000006c5580000)
 Metaspace       used 6368K, capacity 7280K, committed 7552K, reserved 1056768K
  class space    used 585K, capacity 616K, committed 640K, reserved 1048576K
Event: 10.129 GC heap after
Heap after GC invocations=11 (full 1):
 PSYoungGen      total 306176K, used 40218K [0x000000076ab00000, 0x0000000789f80000, 0x00000007c0000000)
  eden space 249856K, 0% used [0x000000076ab00000,0x000000076ab00000,0x0000000779f00000)
  from space 56320K, 71% used [0x0000000786880000,0x0000000788fc69f8,0x0000000789f80000)
  to   space 41984K, 0% used [0x0000000779f00000,0x0000000779f00000,0x000000077c800000)
 ParOldGen       total 87552K, used 87355K [0x00000006c0000000, 0x00000006c5580000, 0x000000076ab00000)
  object space 87552K, 99% used [0x00000006c0000000,0x00000006c554ec10,0x00000006c5580000)
 Metaspace       used 6368K, capacity 7280K, committed 7552K, reserved 1056768K
  class space    used 585K, capacity 616K, committed 640K, reserved 1048576K
}
Event: 11.857 GC heap before
{Heap before GC invocations=12 (full 2):
 PSYoungGen      total 306176K, used 290074K [0x000000076ab00000, 0x0000000789f80000, 0x00000007c0000000)
  eden space 249856K, 100% used [0x000000076ab00000,0x0000000779f00000,0x0000000779f00000)
  from space 56320K, 71% used [0x0000000786880000,0x0000000788fc69f8,0x0000000789f80000)
  to   space 41984K, 0% used [0x0000000779f00000,0x0000000779f00000,0x000000077c800000)
 ParOldGen       total 87552K, used 87355K [0x00000006c0000000, 0x00000006c5580000, 0x000000076ab00000)
  object space 87552K, 99% used [0x00000006c0000000,0x00000006c554ec10,0x00000006c5580000)
 Metaspace       used 6388K, capacity 7280K, committed 7552K, reserved 1056768K
  class space    used 585K, capacity 616K, committed 640K, reserved 1048576K
Event: 13.205 GC heap after
Heap after GC invocations=12 (full 2):
 PSYoungGen      total 306176K, used 75493K [0x000000076ab00000, 0x0000000789f80000, 0x00000007c0000000)
  eden space 249856K, 30% used [0x000000076ab00000,0x000000076f4b97e0,0x0000000779f00000)
  from space 56320K, 0% used [0x0000000786880000,0x0000000786880000,0x0000000789f80000)
  to   space 41984K, 0% used [0x0000000779f00000,0x0000000779f00000,0x000000077c800000)
 ParOldGen       total 87552K, used 87506K [0x00000006c0000000, 0x00000006c5580000, 0x000000076ab00000)
  object space 87552K, 99% used [0x00000006c0000000,0x00000006c5574b48,0x00000006c5580000)
 Metaspace       used 6388K, capacity 7280K, committed 7552K, reserved 1056768K
  class space    used 585K, capacity 616K, committed 640K, reserved 1048576K
}
Event: 14.314 GC heap before
{Heap before GC invocations=13 (full 3):
 PSYoungGen      total 306176K, used 249856K [0x000000076ab00000, 0x0000000789f80000, 0x00000007c0000000)
  eden space 249856K, 100% used [0x000000076ab00000,0x0000000779f00000,0x0000000779f00000)
  from space 56320K, 0% used [0x0000000786880000,0x0000000786880000,0x0000000789f80000)
  to   space 41984K, 0% used [0x0000000779f00000,0x0000000779f00000,0x000000077c800000)
 ParOldGen       total 87552K, used 87506K [0x00000006c0000000, 0x00000006c5580000, 0x000000076ab00000)
  object space 87552K, 99% used [0x00000006c0000000,0x00000006c5574b48,0x00000006c5580000)
 Metaspace       used 6391K, capacity 7280K, committed 7552K, reserved 1056768K
  class space    used 585K, capacity 616K, committed 640K, reserved 1048576K
Event: 15.449 GC heap after
Heap after GC invocations=13 (full 3):
 PSYoungGen      total 306176K, used 99735K [0x000000076ab00000, 0x0000000789f80000, 0x00000007c0000000)
  eden space 249856K, 39% used [0x000000076ab00000,0x0000000770c65ed8,0x0000000779f00000)
  from space 56320K, 0% used [0x0000000786880000,0x0000000786880000,0x0000000789f80000)
  to   space 41984K, 0% used [0x0000000779f00000,0x0000000779f00000,0x000000077c800000)
 ParOldGen       total 87552K, used 87473K [0x00000006c0000000, 0x00000006c5580000, 0x000000076ab00000)
  object space 87552K, 99% used [0x00000006c0000000,0x00000006c556c578,0x00000006c5580000)
 Metaspace       used 6391K, capacity 7280K, committed 7552K, reserved 1056768K
  class space    used 585K, capacity 616K, committed 640K, reserved 1048576K
}
Event: 16.373 GC heap before
{Heap before GC invocations=14 (full 4):
 PSYoungGen      total 306176K, used 249856K [0x000000076ab00000, 0x0000000789f80000, 0x00000007c0000000)
  eden space 249856K, 100% used [0x000000076ab00000,0x0000000779f00000,0x0000000779f00000)
  from space 56320K, 0% used [0x0000000786880000,0x0000000786880000,0x0000000789f80000)
  to   space 41984K, 0% used [0x0000000779f00000,0x0000000779f00000,0x000000077c800000)
 ParOldGen       total 87552K, used 87473K [0x00000006c0000000, 0x00000006c5580000, 0x000000076ab00000)
  object space 87552K, 99% used [0x00000006c0000000,0x00000006c556c578,0x00000006c5580000)
 Metaspace       used 6396K, capacity 7280K, committed 7552K, reserved 1056768K
  class space    used 585K, capacity 616K, committed 640K, reserved 1048576K
Event: 17.566 GC heap after
Heap after GC invocations=14 (full 4):
 PSYoungGen      total 306176K, used 120633K [0x000000076ab00000, 0x0000000789f80000, 0x00000007c0000000)
  eden space 249856K, 48% used [0x000000076ab00000,0x00000007720ce750,0x0000000779f00000)
  from space 56320K, 0% used [0x0000000786880000,0x0000000786880000,0x0000000789f80000)
  to   space 41984K, 0% used [0x0000000779f00000,0x0000000779f00000,0x000000077c800000)
 ParOldGen       total 87552K, used 87472K [0x00000006c0000000, 0x00000006c5580000, 0x000000076ab00000)
  object space 87552K, 99% used [0x00000006c0000000,0x00000006c556c268,0x00000006c5580000)
 Metaspace       used 6396K, capacity 7280K, committed 7552K, reserved 1056768K
  class space    used 585K, capacity 616K, committed 640K, reserved 1048576K
}
Event: 18.411 GC heap before
{Heap before GC invocations=15 (full 5):
 PSYoungGen      total 306176K, used 249856K [0x000000076ab00000, 0x0000000789f80000, 0x00000007c0000000)
  eden space 249856K, 100% used [0x000000076ab00000,0x0000000779f00000,0x0000000779f00000)
  from space 56320K, 0% used [0x0000000786880000,0x0000000786880000,0x0000000789f80000)
  to   space 41984K, 0% used [0x0000000779f00000,0x0000000779f00000,0x000000077c800000)
 ParOldGen       total 87552K, used 87472K [0x00000006c0000000, 0x00000006c5580000, 0x000000076ab00000)
  object space 87552K, 99% used [0x00000006c0000000,0x00000006c556c268,0x00000006c5580000)
 Metaspace       used 6399K, capacity 7280K, committed 7552K, reserved 1056768K
  class space    used 585K, capacity 616K, committed 640K, reserved 1048576K

