# JRE version: OpenJDK Runtime Environment (8.0_112-b06) (build 1.8.0_112-release-b06)
# Java VM: OpenJDK 64-Bit Server VM (25.112-b06 mixed mode windows-amd64 compressed oops)
Heap:
 PSYoungGen      total 296448K, used 101371K [0x000000076ab00000, 0x000000077f000000, 0x00000007c0000000)
  eden space 263168K, 25% used [0x000000076ab00000,0x000000076ed82d70,0x000000077ac00000)
  from space 33280K, 99% used [0x000000077ac00000,0x000000077cc7bf80,0x000000077cc80000)
  to   space 30208K, 0% used [0x000000077cc80000,0x000000077cc80000,0x000000077ea00000)
 ParOldGen       total 191488K, used 127588K [0x00000006c0000000, 0x00000006cbb00000, 0x000000076ab00000)
  object space 191488K, 66% used [0x00000006c0000000,0x00000006c7c990f8,0x00000006cbb00000)
 Metaspace       used 6385K, capacity 7280K, committed 7552K, reserved 1056768K
  class space    used 586K, capacity 616K, committed 640K, reserved 1048576K
GC Heap History (10 events):
Event: 3.346 GC heap before
{Heap before GC invocations=6 (full 0):
 PSYoungGen      total 138240K, used 138232K [0x000000076ab00000, 0x000000077ea00000, 0x00000007c0000000)
  eden space 133120K, 100% used [0x000000076ab00000,0x0000000772d00000,0x0000000772d00000)
  from space 5120K, 99% used [0x0000000772d00000,0x00000007731fe2d8,0x0000000773200000)
  to   space 30208K, 0% used [0x000000077cc80000,0x000000077cc80000,0x000000077ea00000)
 ParOldGen       total 87552K, used 40850K [0x00000006c0000000, 0x00000006c5580000, 0x000000076ab00000)
  object space 87552K, 46% used [0x00000006c0000000,0x00000006c27e48b8,0x00000006c5580000)
 Metaspace       used 6331K, capacity 7216K, committed 7296K, reserved 1056768K
  class space    used 585K, capacity 616K, committed 640K, reserved 1048576K
Event: 3.421 GC heap after
Heap after GC invocations=6 (full 0):
 PSYoungGen      total 293376K, used 23523K [0x000000076ab00000, 0x000000077f000000, 0x00000007c0000000)
  eden space 263168K, 0% used [0x000000076ab00000,0x000000076ab00000,0x000000077ac00000)
  from space 30208K, 77% used [0x000000077cc80000,0x000000077e378c90,0x000000077ea00000)
  to   space 33280K, 0% used [0x000000077ac00000,0x000000077ac00000,0x000000077cc80000)
 ParOldGen       total 87552K, used 40850K [0x00000006c0000000, 0x00000006c5580000, 0x000000076ab00000)
  object space 87552K, 46% used [0x00000006c0000000,0x00000006c27e48b8,0x00000006c5580000)
 Metaspace       used 6331K, capacity 7216K, committed 7296K, reserved 1056768K
  class space    used 585K, capacity 616K, committed 640K, reserved 1048576K
}
Event: 4.543 GC heap before
{Heap before GC invocations=7 (full 0):
 PSYoungGen      total 293376K, used 286691K [0x000000076ab00000, 0x000000077f000000, 0x00000007c0000000)
  eden space 263168K, 100% used [0x000000076ab00000,0x000000077ac00000,0x000000077ac00000)
  from space 30208K, 77% used [0x000000077cc80000,0x000000077e378c90,0x000000077ea00000)
  to   space 33280K, 0% used [0x000000077ac00000,0x000000077ac00000,0x000000077cc80000)
 ParOldGen       total 87552K, used 40850K [0x00000006c0000000, 0x00000006c5580000, 0x000000076ab00000)
  object space 87552K, 46% used [0x00000006c0000000,0x00000006c27e48b8,0x00000006c5580000)
 Metaspace       used 6354K, capacity 7280K, committed 7552K, reserved 1056768K
  class space    used 586K, capacity 616K, committed 640K, reserved 1048576K
Event: 4.683 GC heap after
Heap after GC invocations=7 (full 0):
 PSYoungGen      total 296448K, used 33271K [0x000000076ab00000, 0x000000077f000000, 0x00000007c0000000)
  eden space 263168K, 0% used [0x000000076ab00000,0x000000076ab00000,0x000000077ac00000)
  from space 33280K, 99% used [0x000000077ac00000,0x000000077cc7dd80,0x000000077cc80000)
  to   space 30208K, 0% used [0x000000077cc80000,0x000000077cc80000,0x000000077ea00000)
 ParOldGen       total 87552K, used 60635K [0x00000006c0000000, 0x00000006c5580000, 0x000000076ab00000)
  object space 87552K, 69% used [0x00000006c0000000,0x00000006c3b36fd0,0x00000006c5580000)
 Metaspace       used 6354K, capacity 7280K, committed 7552K, reserved 1056768K
  class space    used 586K, capacity 616K, committed 640K, reserved 1048576K
}
Event: 5.874 GC heap before
{Heap before GC invocations=8 (full 0):
 PSYoungGen      total 296448K, used 296439K [0x000000076ab00000, 0x000000077f000000, 0x00000007c0000000)
  eden space 263168K, 100% used [0x000000076ab00000,0x000000077ac00000,0x000000077ac00000)
  from space 33280K, 99% used [0x000000077ac00000,0x000000077cc7dd80,0x000000077cc80000)
  to   space 30208K, 0% used [0x000000077cc80000,0x000000077cc80000,0x000000077ea00000)
 ParOldGen       total 87552K, used 60635K [0x00000006c0000000, 0x00000006c5580000, 0x000000076ab00000)
  object space 87552K, 69% used [0x00000006c0000000,0x00000006c3b36fd0,0x00000006c5580000)
 Metaspace       used 6367K, capacity 7280K, committed 7552K, reserved 1056768K
  class space    used 586K, capacity 616K, committed 640K, reserved 1048576K
Event: 6.037 GC heap after
Heap after GC invocations=8 (full 0):
 PSYoungGen      total 293376K, used 30195K [0x000000076ab00000, 0x000000077f000000, 0x00000007c0000000)
  eden space 263168K, 0% used [0x000000076ab00000,0x000000076ab00000,0x000000077ac00000)
  from space 30208K, 99% used [0x000000077cc80000,0x000000077e9fcdc0,0x000000077ea00000)
  to   space 33280K, 0% used [0x000000077ac00000,0x000000077ac00000,0x000000077cc80000)
 ParOldGen       total 98304K, used 98002K [0x00000006c0000000, 0x00000006c6000000, 0x000000076ab00000)
  object space 98304K, 99% used [0x00000006c0000000,0x00000006c5fb4aa0,0x00000006c6000000)
 Metaspace       used 6367K, capacity 7280K, committed 7552K, reserved 1056768K
  class space    used 586K, capacity 616K, committed 640K, reserved 1048576K
}
Event: 6.037 GC heap before
{Heap before GC invocations=9 (full 1):
 PSYoungGen      total 293376K, used 30195K [0x000000076ab00000, 0x000000077f000000, 0x00000007c0000000)
  eden space 263168K, 0% used [0x000000076ab00000,0x000000076ab00000,0x000000077ac00000)
  from space 30208K, 99% used [0x000000077cc80000,0x000000077e9fcdc0,0x000000077ea00000)
  to   space 33280K, 0% used [0x000000077ac00000,0x000000077ac00000,0x000000077cc80000)
 ParOldGen       total 98304K, used 98002K [0x00000006c0000000, 0x00000006c6000000, 0x000000076ab00000)
  object space 98304K, 99% used [0x00000006c0000000,0x00000006c5fb4aa0,0x00000006c6000000)
 Metaspace       used 6367K, capacity 7280K, committed 7552K, reserved 1056768K
  class space    used 586K, capacity 616K, committed 640K, reserved 1048576K
Event: 7.472 GC heap after
Heap after GC invocations=9 (full 1):
 PSYoungGen      total 293376K, used 23174K [0x000000076ab00000, 0x000000077f000000, 0x00000007c0000000)
  eden space 263168K, 0% used [0x000000076ab00000,0x000000076ab00000,0x000000077ac00000)
  from space 30208K, 76% used [0x000000077cc80000,0x000000077e3218c8,0x000000077ea00000)
  to   space 33280K, 0% used [0x000000077ac00000,0x000000077ac00000,0x000000077cc80000)
 ParOldGen       total 191488K, used 98193K [0x00000006c0000000, 0x00000006cbb00000, 0x000000076ab00000)
  object space 191488K, 51% used [0x00000006c0000000,0x00000006c5fe4460,0x00000006cbb00000)
 Metaspace       used 6367K, capacity 7280K, committed 7552K, reserved 1056768K
  class space    used 586K, capacity 616K, committed 640K, reserved 1048576K
}
Event: 8.869 GC heap before
{Heap before GC invocations=10 (full 1):
 PSYoungGen      total 293376K, used 286342K [0x000000076ab00000, 0x000000077f000000, 0x00000007c0000000)
  eden space 263168K, 100% used [0x000000076ab00000,0x000000077ac00000,0x000000077ac00000)
  from space 30208K, 76% used [0x000000077cc80000,0x000000077e3218c8,0x000000077ea00000)
  to   space 33280K, 0% used [0x000000077ac00000,0x000000077ac00000,0x000000077cc80000)
 ParOldGen       total 191488K, used 98193K [0x00000006c0000000, 0x00000006cbb00000, 0x000000076ab00000)
  object space 191488K, 51% used [0x00000006c0000000,0x00000006c5fe4460,0x00000006cbb00000)
 Metaspace       used 6382K, capacity 7280K, committed 7552K, reserved 1056768K
  class space    used 586K, capacity 616K, committed 640K, reserved 1048576K
Event: 9.017 GC heap after
Heap after GC invocations=10 (full 1):
 PSYoungGen      total 296448K, used 33263K [0x000000076ab00000, 0x000000077f000000, 0x00000007c0000000)
  eden space 263168K, 0% used [0x000000076ab00000,0x000000076ab00000,0x000000077ac00000)
  from space 33280K, 99% used [0x000000077ac00000,0x000000077cc7bf80,0x000000077cc80000)
  to   space 30208K, 0% used [0x000000077cc80000,0x000000077cc80000,0x000000077ea00000)
 ParOldGen       total 191488K, used 127588K [0x00000006c0000000, 0x00000006cbb00000, 0x000000076ab00000)
  object space 191488K, 66% used [0x00000006c0000000,0x00000006c7c990f8,0x00000006cbb00000)
 Metaspace       used 6382K, capacity 7280K, committed 7552K, reserved 1056768K
  class space    used 586K, capacity 616K, committed 640K, reserved 1048576K
}

